2022-05-11 09:39:01,893 [Worker-1: Loading available Gradle versions] INFO  o.e.b.c.i.u.g.PublishedGradleVersions - Gradle version information cache is up-to-date. Trying to read.
2022-05-11 09:46:20,380 [Worker-8: Creating maven-archetype-quickstart] INFO  o.e.m.c.i.p.ProjectConfigurationManager - Collecting project info '/pom.xml' D:\IBMAppiumTraining_2\FrameworkProject\AutomationFramework\pom.xml
2022-05-11 09:46:24,378 [Worker-8: Creating maven-archetype-quickstart] INFO  o.e.m.c.i.l.LifecycleMappingFactory - Using org.eclipse.m2e.jdt.JarLifecycleMapping lifecycle mapping for MavenProject: IBMTraining_2:AutomationFramework:0.0.1-SNAPSHOT @ D:\IBMAppiumTraining_2\FrameworkProject\AutomationFramework\pom.xml.
2022-05-11 09:46:25,326 [Worker-8: Creating maven-archetype-quickstart] INFO  o.e.m.j.i.AbstractJavaProjectConfigurator - Adding source folder /AutomationFramework/src/main/java
2022-05-11 09:46:25,335 [Worker-8: Creating maven-archetype-quickstart] INFO  o.e.m.j.i.AbstractJavaProjectConfigurator - Adding source folder /AutomationFramework/src/test/java
2022-05-11 09:46:26,793 [Worker-8: Creating maven-archetype-quickstart] INFO  o.e.m.c.i.p.ProjectConfigurationManager - Imported and configured 1 project(s) in 6 sec
2022-05-11 09:46:27,696 [Worker-8: Building] INFO  o.e.m.c.i.embedder.EclipseLogger - Using 'UTF-8' encoding to copy filtered resources.
2022-05-11 09:46:27,697 [Worker-8: Building] INFO  o.e.m.c.i.embedder.EclipseLogger - skip non existing resourceDirectory D:\IBMAppiumTraining_2\FrameworkProject\AutomationFramework\src\main\resources
2022-05-11 09:46:27,699 [Worker-8: Building] INFO  o.e.m.c.i.embedder.EclipseLogger - Using 'UTF-8' encoding to copy filtered resources.
2022-05-11 09:46:27,700 [Worker-8: Building] INFO  o.e.m.c.i.embedder.EclipseLogger - skip non existing resourceDirectory D:\IBMAppiumTraining_2\FrameworkProject\AutomationFramework\src\test\resources
2022-05-11 09:49:52,340 [Worker-16: Building] INFO  o.e.m.c.i.embedder.EclipseLogger - Using 'UTF-8' encoding to copy filtered resources.
2022-05-11 09:49:52,341 [Worker-16: Building] INFO  o.e.m.c.i.embedder.EclipseLogger - skip non existing resourceDirectory D:\IBMAppiumTraining_2\FrameworkProject\AutomationFramework\src\main\resources
2022-05-11 09:49:52,343 [Worker-16: Building] INFO  o.e.m.c.i.embedder.EclipseLogger - Using 'UTF-8' encoding to copy filtered resources.
2022-05-11 09:49:52,343 [Worker-16: Building] INFO  o.e.m.c.i.embedder.EclipseLogger - skip non existing resourceDirectory D:\IBMAppiumTraining_2\FrameworkProject\AutomationFramework\src\test\resources
2022-05-11 09:49:53,351 [Worker-16: Building] INFO  o.e.m.c.i.embedder.EclipseLogger - Using 'UTF-8' encoding to copy filtered resources.
2022-05-11 09:49:53,352 [Worker-16: Building] INFO  o.e.m.c.i.embedder.EclipseLogger - skip non existing resourceDirectory D:\IBMAppiumTraining_2\FrameworkProject\AutomationFramework\src\main\resources
2022-05-11 09:49:53,352 [Worker-16: Building] INFO  o.e.m.c.i.embedder.EclipseLogger - Using 'UTF-8' encoding to copy filtered resources.
2022-05-11 09:49:53,353 [Worker-16: Building] INFO  o.e.m.c.i.embedder.EclipseLogger - skip non existing resourceDirectory D:\IBMAppiumTraining_2\FrameworkProject\AutomationFramework\src\test\resources
2022-05-11 10:51:18,955 [Worker-27: Building] INFO  o.e.m.c.i.embedder.EclipseLogger - Using 'UTF-8' encoding to copy filtered resources.
2022-05-11 10:51:18,956 [Worker-27: Building] INFO  o.e.m.c.i.embedder.EclipseLogger - skip non existing resourceDirectory D:\IBMAppiumTraining_2\FrameworkProject\AutomationFramework\src\main\resources
2022-05-11 10:51:18,960 [Worker-27: Building] INFO  o.e.m.c.i.embedder.EclipseLogger - Using 'UTF-8' encoding to copy filtered resources.
2022-05-11 10:51:18,960 [Worker-27: Building] INFO  o.e.m.c.i.embedder.EclipseLogger - skip non existing resourceDirectory D:\IBMAppiumTraining_2\FrameworkProject\AutomationFramework\src\test\resources
2022-05-11 10:51:31,638 [Worker-29: Building] INFO  o.e.m.c.i.embedder.EclipseLogger - Using 'UTF-8' encoding to copy filtered resources.
2022-05-11 10:51:31,638 [Worker-29: Building] INFO  o.e.m.c.i.embedder.EclipseLogger - skip non existing resourceDirectory D:\IBMAppiumTraining_2\FrameworkProject\AutomationFramework\src\main\resources
2022-05-11 10:51:31,640 [Worker-29: Building] INFO  o.e.m.c.i.embedder.EclipseLogger - Using 'UTF-8' encoding to copy filtered resources.
2022-05-11 10:51:31,640 [Worker-29: Building] INFO  o.e.m.c.i.embedder.EclipseLogger - skip non existing resourceDirectory D:\IBMAppiumTraining_2\FrameworkProject\AutomationFramework\src\test\resources
2022-05-11 10:51:32,659 [Worker-29: Building] INFO  o.e.m.c.i.embedder.EclipseLogger - Using 'UTF-8' encoding to copy filtered resources.
2022-05-11 10:51:32,660 [Worker-29: Building] INFO  o.e.m.c.i.embedder.EclipseLogger - skip non existing resourceDirectory D:\IBMAppiumTraining_2\FrameworkProject\AutomationFramework\src\main\resources
2022-05-11 10:51:32,662 [Worker-29: Building] INFO  o.e.m.c.i.embedder.EclipseLogger - Using 'UTF-8' encoding to copy filtered resources.
2022-05-11 10:51:32,663 [Worker-29: Building] INFO  o.e.m.c.i.embedder.EclipseLogger - skip non existing resourceDirectory D:\IBMAppiumTraining_2\FrameworkProject\AutomationFramework\src\test\resources
2022-05-11 10:52:07,651 [Worker-27: Building] INFO  o.e.m.c.i.embedder.EclipseLogger - Using 'UTF-8' encoding to copy filtered resources.
2022-05-11 10:52:07,651 [Worker-27: Building] INFO  o.e.m.c.i.embedder.EclipseLogger - skip non existing resourceDirectory D:\IBMAppiumTraining_2\FrameworkProject\AutomationFramework\src\main\resources
2022-05-11 10:52:07,653 [Worker-27: Building] INFO  o.e.m.c.i.embedder.EclipseLogger - Using 'UTF-8' encoding to copy filtered resources.
2022-05-11 10:52:07,653 [Worker-27: Building] INFO  o.e.m.c.i.embedder.EclipseLogger - skip non existing resourceDirectory D:\IBMAppiumTraining_2\FrameworkProject\AutomationFramework\src\test\resources
2022-05-11 10:52:18,768 [Worker-28: Building] INFO  o.e.m.c.i.embedder.EclipseLogger - Using 'UTF-8' encoding to copy filtered resources.
2022-05-11 10:52:18,769 [Worker-28: Building] INFO  o.e.m.c.i.embedder.EclipseLogger - skip non existing resourceDirectory D:\IBMAppiumTraining_2\FrameworkProject\AutomationFramework\src\main\resources
2022-05-11 10:52:18,770 [Worker-28: Building] INFO  o.e.m.c.i.embedder.EclipseLogger - Using 'UTF-8' encoding to copy filtered resources.
2022-05-11 10:52:18,771 [Worker-28: Building] INFO  o.e.m.c.i.embedder.EclipseLogger - skip non existing resourceDirectory D:\IBMAppiumTraining_2\FrameworkProject\AutomationFramework\src\test\resources
2022-05-11 10:52:32,095 [Worker-27: Building] INFO  o.e.m.c.i.embedder.EclipseLogger - Using 'UTF-8' encoding to copy filtered resources.
2022-05-11 10:52:32,095 [Worker-27: Building] INFO  o.e.m.c.i.embedder.EclipseLogger - skip non existing resourceDirectory D:\IBMAppiumTraining_2\FrameworkProject\AutomationFramework\src\main\resources
2022-05-11 10:52:32,097 [Worker-27: Building] INFO  o.e.m.c.i.embedder.EclipseLogger - Using 'UTF-8' encoding to copy filtered resources.
2022-05-11 10:52:32,097 [Worker-27: Building] INFO  o.e.m.c.i.embedder.EclipseLogger - skip non existing resourceDirectory D:\IBMAppiumTraining_2\FrameworkProject\AutomationFramework\src\test\resources
2022-05-11 10:52:45,878 [Worker-29: Building] INFO  o.e.m.c.i.embedder.EclipseLogger - Using 'UTF-8' encoding to copy filtered resources.
2022-05-11 10:52:45,878 [Worker-29: Building] INFO  o.e.m.c.i.embedder.EclipseLogger - skip non existing resourceDirectory D:\IBMAppiumTraining_2\FrameworkProject\AutomationFramework\src\main\resources
2022-05-11 10:52:45,879 [Worker-29: Building] INFO  o.e.m.c.i.embedder.EclipseLogger - Using 'UTF-8' encoding to copy filtered resources.
2022-05-11 10:52:45,879 [Worker-29: Building] INFO  o.e.m.c.i.embedder.EclipseLogger - skip non existing resourceDirectory D:\IBMAppiumTraining_2\FrameworkProject\AutomationFramework\src\test\resources
2022-05-11 10:52:58,521 [Worker-27: Building] INFO  o.e.m.c.i.embedder.EclipseLogger - Using 'UTF-8' encoding to copy filtered resources.
2022-05-11 10:52:58,521 [Worker-27: Building] INFO  o.e.m.c.i.embedder.EclipseLogger - skip non existing resourceDirectory D:\IBMAppiumTraining_2\FrameworkProject\AutomationFramework\src\main\resources
2022-05-11 10:52:58,522 [Worker-27: Building] INFO  o.e.m.c.i.embedder.EclipseLogger - Using 'UTF-8' encoding to copy filtered resources.
2022-05-11 10:52:58,522 [Worker-27: Building] INFO  o.e.m.c.i.embedder.EclipseLogger - skip non existing resourceDirectory D:\IBMAppiumTraining_2\FrameworkProject\AutomationFramework\src\test\resources
2022-05-11 10:53:12,387 [Worker-28: Building] INFO  o.e.m.c.i.embedder.EclipseLogger - Using 'UTF-8' encoding to copy filtered resources.
2022-05-11 10:53:12,387 [Worker-28: Building] INFO  o.e.m.c.i.embedder.EclipseLogger - skip non existing resourceDirectory D:\IBMAppiumTraining_2\FrameworkProject\AutomationFramework\src\main\resources
2022-05-11 10:53:12,391 [Worker-28: Building] INFO  o.e.m.c.i.embedder.EclipseLogger - Using 'UTF-8' encoding to copy filtered resources.
2022-05-11 10:53:12,391 [Worker-28: Building] INFO  o.e.m.c.i.embedder.EclipseLogger - skip non existing resourceDirectory D:\IBMAppiumTraining_2\FrameworkProject\AutomationFramework\src\test\resources
2022-05-11 10:53:45,883 [Worker-31: Building] INFO  o.e.m.c.i.embedder.EclipseLogger - Using 'UTF-8' encoding to copy filtered resources.
2022-05-11 10:53:45,884 [Worker-31: Building] INFO  o.e.m.c.i.embedder.EclipseLogger - skip non existing resourceDirectory D:\IBMAppiumTraining_2\FrameworkProject\AutomationFramework\src\main\resources
2022-05-11 10:53:45,885 [Worker-31: Building] INFO  o.e.m.c.i.embedder.EclipseLogger - Using 'UTF-8' encoding to copy filtered resources.
2022-05-11 10:53:45,885 [Worker-31: Building] INFO  o.e.m.c.i.embedder.EclipseLogger - skip non existing resourceDirectory D:\IBMAppiumTraining_2\FrameworkProject\AutomationFramework\src\test\resources
2022-05-11 10:55:08,536 [Worker-27: Building] INFO  o.e.m.c.i.embedder.EclipseLogger - Using 'UTF-8' encoding to copy filtered resources.
2022-05-11 10:55:08,536 [Worker-27: Building] INFO  o.e.m.c.i.embedder.EclipseLogger - skip non existing resourceDirectory D:\IBMAppiumTraining_2\FrameworkProject\AutomationFramework\src\main\resources
2022-05-11 10:55:08,537 [Worker-27: Building] INFO  o.e.m.c.i.embedder.EclipseLogger - Using 'UTF-8' encoding to copy filtered resources.
2022-05-11 10:55:08,537 [Worker-27: Building] INFO  o.e.m.c.i.embedder.EclipseLogger - skip non existing resourceDirectory D:\IBMAppiumTraining_2\FrameworkProject\AutomationFramework\src\test\resources
2022-05-11 10:56:00,003 [Worker-32: Building] INFO  o.e.m.c.i.embedder.EclipseLogger - Using 'UTF-8' encoding to copy filtered resources.
2022-05-11 10:56:00,003 [Worker-32: Building] INFO  o.e.m.c.i.embedder.EclipseLogger - skip non existing resourceDirectory D:\IBMAppiumTraining_2\FrameworkProject\AutomationFramework\src\main\resources
2022-05-11 10:56:00,003 [Worker-32: Building] INFO  o.e.m.c.i.embedder.EclipseLogger - Using 'UTF-8' encoding to copy filtered resources.
2022-05-11 10:56:00,003 [Worker-32: Building] INFO  o.e.m.c.i.embedder.EclipseLogger - skip non existing resourceDirectory D:\IBMAppiumTraining_2\FrameworkProject\AutomationFramework\src\test\resources
2022-05-11 10:56:19,982 [Worker-27: Building] INFO  o.e.m.c.i.embedder.EclipseLogger - Using 'UTF-8' encoding to copy filtered resources.
2022-05-11 10:56:19,983 [Worker-27: Building] INFO  o.e.m.c.i.embedder.EclipseLogger - skip non existing resourceDirectory D:\IBMAppiumTraining_2\FrameworkProject\AutomationFramework\src\main\resources
2022-05-11 10:56:19,984 [Worker-27: Building] INFO  o.e.m.c.i.embedder.EclipseLogger - Using 'UTF-8' encoding to copy filtered resources.
2022-05-11 10:56:19,985 [Worker-27: Building] INFO  o.e.m.c.i.embedder.EclipseLogger - skip non existing resourceDirectory D:\IBMAppiumTraining_2\FrameworkProject\AutomationFramework\src\test\resources
2022-05-11 10:57:09,577 [Worker-33: Building] INFO  o.e.m.c.i.l.LifecycleMappingFactory - Using org.eclipse.m2e.jdt.JarLifecycleMapping lifecycle mapping for MavenProject: IBMTraining_2:AutomationFramework:0.0.1-SNAPSHOT @ D:\IBMAppiumTraining_2\FrameworkProject\AutomationFramework\pom.xml.
2022-05-11 10:57:15,223 [Worker-33: Building] INFO  o.e.m.c.i.embedder.EclipseLogger - Using 'UTF-8' encoding to copy filtered resources.
2022-05-11 10:57:15,223 [Worker-33: Building] INFO  o.e.m.c.i.embedder.EclipseLogger - skip non existing resourceDirectory D:\IBMAppiumTraining_2\FrameworkProject\AutomationFramework\src\main\resources
2022-05-11 10:57:15,226 [Worker-33: Building] INFO  o.e.m.c.i.embedder.EclipseLogger - Using 'UTF-8' encoding to copy filtered resources.
2022-05-11 10:57:15,226 [Worker-33: Building] INFO  o.e.m.c.i.embedder.EclipseLogger - skip non existing resourceDirectory D:\IBMAppiumTraining_2\FrameworkProject\AutomationFramework\src\test\resources
2022-05-11 10:57:17,197 [Worker-33: Building] INFO  o.e.m.c.i.l.LifecycleMappingFactory - Using org.eclipse.m2e.jdt.JarLifecycleMapping lifecycle mapping for MavenProject: IBMTraining_2:AutomationFramework:0.0.1-SNAPSHOT @ D:\IBMAppiumTraining_2\FrameworkProject\AutomationFramework\pom.xml.
2022-05-11 10:57:18,515 [Worker-33: Building] INFO  o.e.m.c.i.embedder.EclipseLogger - Using 'UTF-8' encoding to copy filtered resources.
2022-05-11 10:57:18,516 [Worker-33: Building] INFO  o.e.m.c.i.embedder.EclipseLogger - skip non existing resourceDirectory D:\IBMAppiumTraining_2\FrameworkProject\AutomationFramework\src\main\resources
2022-05-11 10:57:18,518 [Worker-33: Building] INFO  o.e.m.c.i.embedder.EclipseLogger - Using 'UTF-8' encoding to copy filtered resources.
2022-05-11 10:57:18,518 [Worker-33: Building] INFO  o.e.m.c.i.embedder.EclipseLogger - skip non existing resourceDirectory D:\IBMAppiumTraining_2\FrameworkProject\AutomationFramework\src\test\resources
2022-05-11 10:57:47,687 [Worker-28: Building] INFO  o.e.m.c.i.embedder.EclipseLogger - Using 'UTF-8' encoding to copy filtered resources.
2022-05-11 10:57:47,688 [Worker-28: Building] INFO  o.e.m.c.i.embedder.EclipseLogger - skip non existing resourceDirectory D:\IBMAppiumTraining_2\FrameworkProject\AutomationFramework\src\main\resources
2022-05-11 10:57:47,689 [Worker-28: Building] INFO  o.e.m.c.i.embedder.EclipseLogger - Using 'UTF-8' encoding to copy filtered resources.
2022-05-11 10:57:47,690 [Worker-28: Building] INFO  o.e.m.c.i.embedder.EclipseLogger - skip non existing resourceDirectory D:\IBMAppiumTraining_2\FrameworkProject\AutomationFramework\src\test\resources
2022-05-11 10:57:55,554 [Worker-27: Building] INFO  o.e.m.c.i.embedder.EclipseLogger - Using 'UTF-8' encoding to copy filtered resources.
2022-05-11 10:57:55,554 [Worker-27: Building] INFO  o.e.m.c.i.embedder.EclipseLogger - skip non existing resourceDirectory D:\IBMAppiumTraining_2\FrameworkProject\AutomationFramework\src\main\resources
2022-05-11 10:57:55,555 [Worker-27: Building] INFO  o.e.m.c.i.embedder.EclipseLogger - Using 'UTF-8' encoding to copy filtered resources.
2022-05-11 10:57:55,555 [Worker-27: Building] INFO  o.e.m.c.i.embedder.EclipseLogger - skip non existing resourceDirectory D:\IBMAppiumTraining_2\FrameworkProject\AutomationFramework\src\test\resources
2022-05-11 11:00:00,683 [Worker-28: Building] INFO  o.e.m.c.i.embedder.EclipseLogger - Using 'UTF-8' encoding to copy filtered resources.
2022-05-11 11:00:00,683 [Worker-28: Building] INFO  o.e.m.c.i.embedder.EclipseLogger - skip non existing resourceDirectory D:\IBMAppiumTraining_2\FrameworkProject\AutomationFramework\src\main\resources
2022-05-11 11:00:00,685 [Worker-28: Building] INFO  o.e.m.c.i.embedder.EclipseLogger - Using 'UTF-8' encoding to copy filtered resources.
2022-05-11 11:00:00,685 [Worker-28: Building] INFO  o.e.m.c.i.embedder.EclipseLogger - skip non existing resourceDirectory D:\IBMAppiumTraining_2\FrameworkProject\AutomationFramework\src\test\resources
2022-05-11 11:00:18,106 [Worker-34: Building] INFO  o.e.m.c.i.embedder.EclipseLogger - Using 'UTF-8' encoding to copy filtered resources.
2022-05-11 11:00:18,107 [Worker-34: Building] INFO  o.e.m.c.i.embedder.EclipseLogger - skip non existing resourceDirectory D:\IBMAppiumTraining_2\FrameworkProject\AutomationFramework\src\main\resources
2022-05-11 11:00:18,108 [Worker-34: Building] INFO  o.e.m.c.i.embedder.EclipseLogger - Using 'UTF-8' encoding to copy filtered resources.
2022-05-11 11:00:18,108 [Worker-34: Building] INFO  o.e.m.c.i.embedder.EclipseLogger - skip non existing resourceDirectory D:\IBMAppiumTraining_2\FrameworkProject\AutomationFramework\src\test\resources
2022-05-11 11:00:34,777 [Worker-27: Building] INFO  o.e.m.c.i.embedder.EclipseLogger - Using 'UTF-8' encoding to copy filtered resources.
2022-05-11 11:00:34,777 [Worker-27: Building] INFO  o.e.m.c.i.embedder.EclipseLogger - skip non existing resourceDirectory D:\IBMAppiumTraining_2\FrameworkProject\AutomationFramework\src\main\resources
2022-05-11 11:00:34,779 [Worker-27: Building] INFO  o.e.m.c.i.embedder.EclipseLogger - Using 'UTF-8' encoding to copy filtered resources.
2022-05-11 11:00:34,779 [Worker-27: Building] INFO  o.e.m.c.i.embedder.EclipseLogger - skip non existing resourceDirectory D:\IBMAppiumTraining_2\FrameworkProject\AutomationFramework\src\test\resources
2022-05-11 11:02:52,291 [Worker-34: Building] INFO  o.e.m.c.i.embedder.EclipseLogger - Using 'UTF-8' encoding to copy filtered resources.
2022-05-11 11:02:52,291 [Worker-34: Building] INFO  o.e.m.c.i.embedder.EclipseLogger - skip non existing resourceDirectory D:\IBMAppiumTraining_2\FrameworkProject\AutomationFramework\src\main\resources
2022-05-11 11:02:52,293 [Worker-34: Building] INFO  o.e.m.c.i.embedder.EclipseLogger - Using 'UTF-8' encoding to copy filtered resources.
2022-05-11 11:02:52,293 [Worker-34: Building] INFO  o.e.m.c.i.embedder.EclipseLogger - skip non existing resourceDirectory D:\IBMAppiumTraining_2\FrameworkProject\AutomationFramework\src\test\resources
2022-05-11 11:03:40,877 [Worker-35: Building] INFO  o.e.m.c.i.embedder.EclipseLogger - Using 'UTF-8' encoding to copy filtered resources.
2022-05-11 11:03:40,877 [Worker-35: Building] INFO  o.e.m.c.i.embedder.EclipseLogger - skip non existing resourceDirectory D:\IBMAppiumTraining_2\FrameworkProject\AutomationFramework\src\main\resources
2022-05-11 11:03:40,879 [Worker-35: Building] INFO  o.e.m.c.i.embedder.EclipseLogger - Using 'UTF-8' encoding to copy filtered resources.
2022-05-11 11:03:40,879 [Worker-35: Building] INFO  o.e.m.c.i.embedder.EclipseLogger - skip non existing resourceDirectory D:\IBMAppiumTraining_2\FrameworkProject\AutomationFramework\src\test\resources
2022-05-11 11:03:52,629 [Worker-33: Building] INFO  o.e.m.c.i.embedder.EclipseLogger - Using 'UTF-8' encoding to copy filtered resources.
2022-05-11 11:03:52,629 [Worker-33: Building] INFO  o.e.m.c.i.embedder.EclipseLogger - skip non existing resourceDirectory D:\IBMAppiumTraining_2\FrameworkProject\AutomationFramework\src\main\resources
2022-05-11 11:03:52,630 [Worker-33: Building] INFO  o.e.m.c.i.embedder.EclipseLogger - Using 'UTF-8' encoding to copy filtered resources.
2022-05-11 11:03:52,630 [Worker-33: Building] INFO  o.e.m.c.i.embedder.EclipseLogger - skip non existing resourceDirectory D:\IBMAppiumTraining_2\FrameworkProject\AutomationFramework\src\test\resources
2022-05-11 11:04:28,497 [Worker-34: Building] INFO  o.e.m.c.i.embedder.EclipseLogger - Using 'UTF-8' encoding to copy filtered resources.
2022-05-11 11:04:28,499 [Worker-34: Building] INFO  o.e.m.c.i.embedder.EclipseLogger - skip non existing resourceDirectory D:\IBMAppiumTraining_2\FrameworkProject\AutomationFramework\src\main\resources
2022-05-11 11:04:28,499 [Worker-34: Building] INFO  o.e.m.c.i.embedder.EclipseLogger - Using 'UTF-8' encoding to copy filtered resources.
2022-05-11 11:04:28,499 [Worker-34: Building] INFO  o.e.m.c.i.embedder.EclipseLogger - skip non existing resourceDirectory D:\IBMAppiumTraining_2\FrameworkProject\AutomationFramework\src\test\resources
2022-05-11 11:06:07,968 [Worker-34: Building] INFO  o.e.m.c.i.embedder.EclipseLogger - Using 'UTF-8' encoding to copy filtered resources.
2022-05-11 11:06:07,969 [Worker-34: Building] INFO  o.e.m.c.i.embedder.EclipseLogger - skip non existing resourceDirectory D:\IBMAppiumTraining_2\FrameworkProject\AutomationFramework\src\main\resources
2022-05-11 11:06:07,969 [Worker-34: Building] INFO  o.e.m.c.i.embedder.EclipseLogger - Using 'UTF-8' encoding to copy filtered resources.
2022-05-11 11:06:07,970 [Worker-34: Building] INFO  o.e.m.c.i.embedder.EclipseLogger - skip non existing resourceDirectory D:\IBMAppiumTraining_2\FrameworkProject\AutomationFramework\src\test\resources
2022-05-11 11:06:15,939 [Worker-33: Building] INFO  o.e.m.c.i.embedder.EclipseLogger - Using 'UTF-8' encoding to copy filtered resources.
2022-05-11 11:06:15,939 [Worker-33: Building] INFO  o.e.m.c.i.embedder.EclipseLogger - skip non existing resourceDirectory D:\IBMAppiumTraining_2\FrameworkProject\AutomationFramework\src\main\resources
2022-05-11 11:06:15,940 [Worker-33: Building] INFO  o.e.m.c.i.embedder.EclipseLogger - Using 'UTF-8' encoding to copy filtered resources.
2022-05-11 11:06:15,940 [Worker-33: Building] INFO  o.e.m.c.i.embedder.EclipseLogger - skip non existing resourceDirectory D:\IBMAppiumTraining_2\FrameworkProject\AutomationFramework\src\test\resources
2022-05-11 11:06:43,446 [Worker-33: Building] INFO  o.e.m.c.i.embedder.EclipseLogger - Using 'UTF-8' encoding to copy filtered resources.
2022-05-11 11:06:43,446 [Worker-33: Building] INFO  o.e.m.c.i.embedder.EclipseLogger - skip non existing resourceDirectory D:\IBMAppiumTraining_2\FrameworkProject\AutomationFramework\src\main\resources
2022-05-11 11:06:43,447 [Worker-33: Building] INFO  o.e.m.c.i.embedder.EclipseLogger - Using 'UTF-8' encoding to copy filtered resources.
2022-05-11 11:06:43,448 [Worker-33: Building] INFO  o.e.m.c.i.embedder.EclipseLogger - skip non existing resourceDirectory D:\IBMAppiumTraining_2\FrameworkProject\AutomationFramework\src\test\resources
2022-05-11 11:16:51,695 [Worker-37: Building] INFO  o.e.m.c.i.embedder.EclipseLogger - Using 'UTF-8' encoding to copy filtered resources.
2022-05-11 11:16:51,695 [Worker-37: Building] INFO  o.e.m.c.i.embedder.EclipseLogger - skip non existing resourceDirectory D:\IBMAppiumTraining_2\FrameworkProject\AutomationFramework\src\main\resources
2022-05-11 11:16:51,696 [Worker-37: Building] INFO  o.e.m.c.i.embedder.EclipseLogger - Using 'UTF-8' encoding to copy filtered resources.
2022-05-11 11:16:51,696 [Worker-37: Building] INFO  o.e.m.c.i.embedder.EclipseLogger - skip non existing resourceDirectory D:\IBMAppiumTraining_2\FrameworkProject\AutomationFramework\src\test\resources
2022-05-11 11:18:29,957 [Worker-38: Building] INFO  o.e.m.c.i.embedder.EclipseLogger - Using 'UTF-8' encoding to copy filtered resources.
2022-05-11 11:18:29,957 [Worker-38: Building] INFO  o.e.m.c.i.embedder.EclipseLogger - skip non existing resourceDirectory D:\IBMAppiumTraining_2\FrameworkProject\AutomationFramework\src\main\resources
2022-05-11 11:18:29,958 [Worker-38: Building] INFO  o.e.m.c.i.embedder.EclipseLogger - Using 'UTF-8' encoding to copy filtered resources.
2022-05-11 11:18:29,958 [Worker-38: Building] INFO  o.e.m.c.i.embedder.EclipseLogger - skip non existing resourceDirectory D:\IBMAppiumTraining_2\FrameworkProject\AutomationFramework\src\test\resources
2022-05-11 11:18:38,599 [Worker-42: Building] INFO  o.e.m.c.i.embedder.EclipseLogger - Using 'UTF-8' encoding to copy filtered resources.
2022-05-11 11:18:38,599 [Worker-42: Building] INFO  o.e.m.c.i.embedder.EclipseLogger - skip non existing resourceDirectory D:\IBMAppiumTraining_2\FrameworkProject\AutomationFramework\src\main\resources
2022-05-11 11:18:38,600 [Worker-42: Building] INFO  o.e.m.c.i.embedder.EclipseLogger - Using 'UTF-8' encoding to copy filtered resources.
2022-05-11 11:18:38,600 [Worker-42: Building] INFO  o.e.m.c.i.embedder.EclipseLogger - skip non existing resourceDirectory D:\IBMAppiumTraining_2\FrameworkProject\AutomationFramework\src\test\resources
2022-05-11 11:18:54,163 [Worker-43: Building] INFO  o.e.m.c.i.embedder.EclipseLogger - Using 'UTF-8' encoding to copy filtered resources.
2022-05-11 11:18:54,163 [Worker-43: Building] INFO  o.e.m.c.i.embedder.EclipseLogger - skip non existing resourceDirectory D:\IBMAppiumTraining_2\FrameworkProject\AutomationFramework\src\main\resources
2022-05-11 11:18:54,164 [Worker-43: Building] INFO  o.e.m.c.i.embedder.EclipseLogger - Using 'UTF-8' encoding to copy filtered resources.
2022-05-11 11:18:54,164 [Worker-43: Building] INFO  o.e.m.c.i.embedder.EclipseLogger - skip non existing resourceDirectory D:\IBMAppiumTraining_2\FrameworkProject\AutomationFramework\src\test\resources
2022-05-11 11:20:00,349 [Worker-41: Building] INFO  o.e.m.c.i.embedder.EclipseLogger - Using 'UTF-8' encoding to copy filtered resources.
2022-05-11 11:20:00,350 [Worker-41: Building] INFO  o.e.m.c.i.embedder.EclipseLogger - skip non existing resourceDirectory D:\IBMAppiumTraining_2\FrameworkProject\AutomationFramework\src\main\resources
2022-05-11 11:20:00,351 [Worker-41: Building] INFO  o.e.m.c.i.embedder.EclipseLogger - Using 'UTF-8' encoding to copy filtered resources.
2022-05-11 11:20:00,351 [Worker-41: Building] INFO  o.e.m.c.i.embedder.EclipseLogger - skip non existing resourceDirectory D:\IBMAppiumTraining_2\FrameworkProject\AutomationFramework\src\test\resources
2022-05-11 11:20:29,423 [Worker-39: Building] INFO  o.e.m.c.i.embedder.EclipseLogger - Using 'UTF-8' encoding to copy filtered resources.
2022-05-11 11:20:29,423 [Worker-39: Building] INFO  o.e.m.c.i.embedder.EclipseLogger - skip non existing resourceDirectory D:\IBMAppiumTraining_2\FrameworkProject\AutomationFramework\src\main\resources
2022-05-11 11:20:29,424 [Worker-39: Building] INFO  o.e.m.c.i.embedder.EclipseLogger - Using 'UTF-8' encoding to copy filtered resources.
2022-05-11 11:20:29,424 [Worker-39: Building] INFO  o.e.m.c.i.embedder.EclipseLogger - skip non existing resourceDirectory D:\IBMAppiumTraining_2\FrameworkProject\AutomationFramework\src\test\resources
2022-05-11 11:21:02,273 [Worker-38: Building] INFO  o.e.m.c.i.embedder.EclipseLogger - Using 'UTF-8' encoding to copy filtered resources.
2022-05-11 11:21:02,273 [Worker-38: Building] INFO  o.e.m.c.i.embedder.EclipseLogger - skip non existing resourceDirectory D:\IBMAppiumTraining_2\FrameworkProject\AutomationFramework\src\main\resources
2022-05-11 11:21:02,274 [Worker-38: Building] INFO  o.e.m.c.i.embedder.EclipseLogger - Using 'UTF-8' encoding to copy filtered resources.
2022-05-11 11:21:02,274 [Worker-38: Building] INFO  o.e.m.c.i.embedder.EclipseLogger - skip non existing resourceDirectory D:\IBMAppiumTraining_2\FrameworkProject\AutomationFramework\src\test\resources
2022-05-11 11:21:18,503 [Worker-42: Building] INFO  o.e.m.c.i.embedder.EclipseLogger - Using 'UTF-8' encoding to copy filtered resources.
2022-05-11 11:21:18,503 [Worker-42: Building] INFO  o.e.m.c.i.embedder.EclipseLogger - skip non existing resourceDirectory D:\IBMAppiumTraining_2\FrameworkProject\AutomationFramework\src\main\resources
2022-05-11 11:21:18,504 [Worker-42: Building] INFO  o.e.m.c.i.embedder.EclipseLogger - Using 'UTF-8' encoding to copy filtered resources.
2022-05-11 11:21:18,504 [Worker-42: Building] INFO  o.e.m.c.i.embedder.EclipseLogger - skip non existing resourceDirectory D:\IBMAppiumTraining_2\FrameworkProject\AutomationFramework\src\test\resources
2022-05-11 11:21:50,295 [Worker-41: Building] INFO  o.e.m.c.i.embedder.EclipseLogger - Using 'UTF-8' encoding to copy filtered resources.
2022-05-11 11:21:50,295 [Worker-41: Building] INFO  o.e.m.c.i.embedder.EclipseLogger - skip non existing resourceDirectory D:\IBMAppiumTraining_2\FrameworkProject\AutomationFramework\src\main\resources
2022-05-11 11:21:50,296 [Worker-41: Building] INFO  o.e.m.c.i.embedder.EclipseLogger - Using 'UTF-8' encoding to copy filtered resources.
2022-05-11 11:21:50,296 [Worker-41: Building] INFO  o.e.m.c.i.embedder.EclipseLogger - skip non existing resourceDirectory D:\IBMAppiumTraining_2\FrameworkProject\AutomationFramework\src\test\resources
2022-05-11 11:33:53,209 [Worker-43: Building] INFO  o.e.m.c.i.l.LifecycleMappingFactory - Using org.eclipse.m2e.jdt.JarLifecycleMapping lifecycle mapping for MavenProject: IBMTraining_2:AutomationFramework:1.0 @ D:\IBMAppiumTraining_2\FrameworkProject\AutomationFramework\pom.xml.
2022-05-11 11:33:54,282 [Worker-43: Building] INFO  o.e.m.c.i.embedder.EclipseLogger - Using 'UTF-8' encoding to copy filtered resources.
2022-05-11 11:33:54,282 [Worker-43: Building] INFO  o.e.m.c.i.embedder.EclipseLogger - skip non existing resourceDirectory D:\IBMAppiumTraining_2\FrameworkProject\AutomationFramework\src\main\resources
2022-05-11 11:33:54,285 [Worker-43: Building] INFO  o.e.m.c.i.embedder.EclipseLogger - Using 'UTF-8' encoding to copy filtered resources.
2022-05-11 11:33:54,286 [Worker-43: Building] INFO  o.e.m.c.i.embedder.EclipseLogger - skip non existing resourceDirectory D:\IBMAppiumTraining_2\FrameworkProject\AutomationFramework\src\test\resources
2022-05-11 11:34:36,423 [Worker-46: Launching Executing install in D__IBMAppiumTraining_2_FrameworkProject_AutomationFramework] INFO  o.e.m.i.launch.MavenLaunchDelegate - D:\IBMAppiumTraining_2\FrameworkProject\AutomationFramework
2022-05-11 11:34:36,423 [Worker-46: Launching Executing install in D__IBMAppiumTraining_2_FrameworkProject_AutomationFramework] INFO  o.e.m.i.launch.MavenLaunchDelegate -  mvn -B install
2022-05-11 11:43:44,272 [Worker-47: Launching Executing install in D__IBMAppiumTraining_2_FrameworkProject_AutomationFramework] INFO  o.e.m.i.launch.MavenLaunchDelegate - D:\IBMAppiumTraining_2\FrameworkProject\AutomationFramework
2022-05-11 11:43:44,272 [Worker-47: Launching Executing install in D__IBMAppiumTraining_2_FrameworkProject_AutomationFramework] INFO  o.e.m.i.launch.MavenLaunchDelegate -  mvn -B install
2022-05-11 11:44:26,061 [Worker-49: Building] INFO  o.e.m.c.i.embedder.EclipseLogger - Using 'UTF-8' encoding to copy filtered resources.
2022-05-11 11:44:26,061 [Worker-49: Building] INFO  o.e.m.c.i.embedder.EclipseLogger - skip non existing resourceDirectory D:\IBMAppiumTraining_2\FrameworkProject\AutomationFramework\src\main\resources
2022-05-11 11:44:26,062 [Worker-49: Building] INFO  o.e.m.c.i.embedder.EclipseLogger - Using 'UTF-8' encoding to copy filtered resources.
2022-05-11 11:44:26,062 [Worker-49: Building] INFO  o.e.m.c.i.embedder.EclipseLogger - skip non existing resourceDirectory D:\IBMAppiumTraining_2\FrameworkProject\AutomationFramework\src\test\resources
2022-05-11 11:44:27,072 [Worker-52: Building] INFO  o.e.m.c.i.embedder.EclipseLogger - Using 'UTF-8' encoding to copy filtered resources.
2022-05-11 11:44:27,072 [Worker-52: Building] INFO  o.e.m.c.i.embedder.EclipseLogger - skip non existing resourceDirectory D:\IBMAppiumTraining_2\FrameworkProject\AutomationFramework\src\main\resources
2022-05-11 11:44:27,073 [Worker-52: Building] INFO  o.e.m.c.i.embedder.EclipseLogger - Using 'UTF-8' encoding to copy filtered resources.
2022-05-11 11:44:27,073 [Worker-52: Building] INFO  o.e.m.c.i.embedder.EclipseLogger - skip non existing resourceDirectory D:\IBMAppiumTraining_2\FrameworkProject\AutomationFramework\src\test\resources
2022-05-11 11:44:52,503 [Worker-52: Building] INFO  o.e.m.c.i.embedder.EclipseLogger - Using 'UTF-8' encoding to copy filtered resources.
2022-05-11 11:44:52,503 [Worker-52: Building] INFO  o.e.m.c.i.embedder.EclipseLogger - skip non existing resourceDirectory D:\IBMAppiumTraining_2\FrameworkProject\AutomationFramework\src\main\resources
2022-05-11 11:44:52,504 [Worker-52: Building] INFO  o.e.m.c.i.embedder.EclipseLogger - Using 'UTF-8' encoding to copy filtered resources.
2022-05-11 11:44:52,504 [Worker-52: Building] INFO  o.e.m.c.i.embedder.EclipseLogger - skip non existing resourceDirectory D:\IBMAppiumTraining_2\FrameworkProject\AutomationFramework\src\test\resources
2022-05-11 11:45:08,258 [Worker-50: Building] INFO  o.e.m.c.i.l.LifecycleMappingFactory - Using org.eclipse.m2e.jdt.JarLifecycleMapping lifecycle mapping for MavenProject: IBMTraining_2:AutomationFramework:2.0 @ D:\IBMAppiumTraining_2\FrameworkProject\AutomationFramework\pom.xml.
2022-05-11 11:45:09,450 [Worker-50: Building] INFO  o.e.m.c.i.embedder.EclipseLogger - Using 'UTF-8' encoding to copy filtered resources.
2022-05-11 11:45:09,450 [Worker-50: Building] INFO  o.e.m.c.i.embedder.EclipseLogger - skip non existing resourceDirectory D:\IBMAppiumTraining_2\FrameworkProject\AutomationFramework\src\main\resources
2022-05-11 11:45:09,452 [Worker-50: Building] INFO  o.e.m.c.i.embedder.EclipseLogger - Using 'UTF-8' encoding to copy filtered resources.
2022-05-11 11:45:09,453 [Worker-50: Building] INFO  o.e.m.c.i.embedder.EclipseLogger - skip non existing resourceDirectory D:\IBMAppiumTraining_2\FrameworkProject\AutomationFramework\src\test\resources
2022-05-11 11:45:20,031 [Worker-52: Building] INFO  o.e.m.c.i.l.LifecycleMappingFactory - Using org.eclipse.m2e.jdt.JarLifecycleMapping lifecycle mapping for MavenProject: IBMTraining_2:AutomationFramework:1.0 @ D:\IBMAppiumTraining_2\FrameworkProject\AutomationFramework\pom.xml.
2022-05-11 11:45:21,037 [Worker-52: Building] INFO  o.e.m.c.i.embedder.EclipseLogger - Using 'UTF-8' encoding to copy filtered resources.
2022-05-11 11:45:21,037 [Worker-52: Building] INFO  o.e.m.c.i.embedder.EclipseLogger - skip non existing resourceDirectory D:\IBMAppiumTraining_2\FrameworkProject\AutomationFramework\src\main\resources
2022-05-11 11:45:21,038 [Worker-52: Building] INFO  o.e.m.c.i.embedder.EclipseLogger - Using 'UTF-8' encoding to copy filtered resources.
2022-05-11 11:45:21,039 [Worker-52: Building] INFO  o.e.m.c.i.embedder.EclipseLogger - skip non existing resourceDirectory D:\IBMAppiumTraining_2\FrameworkProject\AutomationFramework\src\test\resources
2022-05-11 11:45:23,299 [Worker-47: Launching Executing install in D__IBMAppiumTraining_2_FrameworkProject_AutomationFramework] INFO  o.e.m.i.launch.MavenLaunchDelegate - D:\IBMAppiumTraining_2\FrameworkProject\AutomationFramework
2022-05-11 11:45:23,299 [Worker-47: Launching Executing install in D__IBMAppiumTraining_2_FrameworkProject_AutomationFramework] INFO  o.e.m.i.launch.MavenLaunchDelegate -  mvn -B install
2022-05-13 09:30:28,858 [Worker-9: Building] INFO  o.e.m.c.i.embedder.EclipseLogger - Using 'UTF-8' encoding to copy filtered resources.
2022-05-13 09:30:28,887 [Worker-9: Building] INFO  o.e.m.c.i.embedder.EclipseLogger - skip non existing resourceDirectory D:\IBMAppiumTraining_2\FrameworkProject\AutomationFramework\src\main\resources
2022-05-13 09:30:28,889 [Worker-9: Building] INFO  o.e.m.c.i.embedder.EclipseLogger - Using 'UTF-8' encoding to copy filtered resources.
2022-05-13 09:30:28,890 [Worker-9: Building] INFO  o.e.m.c.i.embedder.EclipseLogger - skip non existing resourceDirectory D:\IBMAppiumTraining_2\FrameworkProject\AutomationFramework\src\test\resources
2022-05-13 09:30:51,877 [Worker-6: Building] INFO  o.e.m.c.i.embedder.EclipseLogger - Using 'UTF-8' encoding to copy filtered resources.
2022-05-13 09:30:51,878 [Worker-6: Building] INFO  o.e.m.c.i.embedder.EclipseLogger - skip non existing resourceDirectory D:\IBMAppiumTraining_2\FrameworkProject\AutomationFramework\src\main\resources
2022-05-13 09:30:51,879 [Worker-6: Building] INFO  o.e.m.c.i.embedder.EclipseLogger - Using 'UTF-8' encoding to copy filtered resources.
2022-05-13 09:30:51,879 [Worker-6: Building] INFO  o.e.m.c.i.embedder.EclipseLogger - skip non existing resourceDirectory D:\IBMAppiumTraining_2\FrameworkProject\AutomationFramework\src\test\resources
2022-05-13 09:30:58,409 [Worker-8: Building] INFO  o.e.m.c.i.embedder.EclipseLogger - Using 'UTF-8' encoding to copy filtered resources.
2022-05-13 09:30:58,410 [Worker-8: Building] INFO  o.e.m.c.i.embedder.EclipseLogger - skip non existing resourceDirectory D:\IBMAppiumTraining_2\FrameworkProject\AutomationFramework\src\main\resources
2022-05-13 09:30:58,411 [Worker-8: Building] INFO  o.e.m.c.i.embedder.EclipseLogger - Using 'UTF-8' encoding to copy filtered resources.
2022-05-13 09:30:58,411 [Worker-8: Building] INFO  o.e.m.c.i.embedder.EclipseLogger - skip non existing resourceDirectory D:\IBMAppiumTraining_2\FrameworkProject\AutomationFramework\src\test\resources
2022-05-13 09:31:25,530 [Worker-20: Loading available Gradle versions] INFO  o.e.b.c.i.u.g.PublishedGradleVersions - Gradle version information cache is up-to-date. Trying to read.
2022-05-13 09:32:04,714 [Worker-20: Building] INFO  o.e.m.c.i.embedder.EclipseLogger - Using 'UTF-8' encoding to copy filtered resources.
2022-05-13 09:32:04,714 [Worker-20: Building] INFO  o.e.m.c.i.embedder.EclipseLogger - skip non existing resourceDirectory D:\IBMAppiumTraining_2\FrameworkProject\AutomationFramework\src\main\resources
2022-05-13 09:32:04,715 [Worker-20: Building] INFO  o.e.m.c.i.embedder.EclipseLogger - Using 'UTF-8' encoding to copy filtered resources.
2022-05-13 09:32:04,715 [Worker-20: Building] INFO  o.e.m.c.i.embedder.EclipseLogger - skip non existing resourceDirectory D:\IBMAppiumTraining_2\FrameworkProject\AutomationFramework\src\test\resources
2022-05-13 09:32:21,264 [Worker-6: Building] INFO  o.e.m.c.i.embedder.EclipseLogger - Using 'UTF-8' encoding to copy filtered resources.
2022-05-13 09:32:21,264 [Worker-6: Building] INFO  o.e.m.c.i.embedder.EclipseLogger - skip non existing resourceDirectory D:\IBMAppiumTraining_2\FrameworkProject\AutomationFramework\src\main\resources
2022-05-13 09:32:21,265 [Worker-6: Building] INFO  o.e.m.c.i.embedder.EclipseLogger - Using 'UTF-8' encoding to copy filtered resources.
2022-05-13 09:32:21,265 [Worker-6: Building] INFO  o.e.m.c.i.embedder.EclipseLogger - skip non existing resourceDirectory D:\IBMAppiumTraining_2\FrameworkProject\AutomationFramework\src\test\resources
2022-05-13 09:32:27,719 [Worker-8: Building] INFO  o.e.m.c.i.embedder.EclipseLogger - Using 'UTF-8' encoding to copy filtered resources.
2022-05-13 09:32:27,720 [Worker-8: Building] INFO  o.e.m.c.i.embedder.EclipseLogger - skip non existing resourceDirectory D:\IBMAppiumTraining_2\FrameworkProject\AutomationFramework\src\main\resources
2022-05-13 09:32:27,721 [Worker-8: Building] INFO  o.e.m.c.i.embedder.EclipseLogger - Using 'UTF-8' encoding to copy filtered resources.
2022-05-13 09:32:27,721 [Worker-8: Building] INFO  o.e.m.c.i.embedder.EclipseLogger - skip non existing resourceDirectory D:\IBMAppiumTraining_2\FrameworkProject\AutomationFramework\src\test\resources
2022-05-13 09:32:56,136 [Worker-11: Building] INFO  o.e.m.c.i.embedder.EclipseLogger - Using 'UTF-8' encoding to copy filtered resources.
2022-05-13 09:32:56,136 [Worker-11: Building] INFO  o.e.m.c.i.embedder.EclipseLogger - skip non existing resourceDirectory D:\IBMAppiumTraining_2\FrameworkProject\AutomationFramework\src\main\resources
2022-05-13 09:32:56,137 [Worker-11: Building] INFO  o.e.m.c.i.embedder.EclipseLogger - Using 'UTF-8' encoding to copy filtered resources.
2022-05-13 09:32:56,138 [Worker-11: Building] INFO  o.e.m.c.i.embedder.EclipseLogger - skip non existing resourceDirectory D:\IBMAppiumTraining_2\FrameworkProject\AutomationFramework\src\test\resources
2022-05-13 09:33:23,023 [Worker-8: Building] INFO  o.e.m.c.i.embedder.EclipseLogger - Using 'UTF-8' encoding to copy filtered resources.
2022-05-13 09:33:23,023 [Worker-8: Building] INFO  o.e.m.c.i.embedder.EclipseLogger - skip non existing resourceDirectory D:\IBMAppiumTraining_2\FrameworkProject\AutomationFramework\src\main\resources
2022-05-13 09:33:23,025 [Worker-8: Building] INFO  o.e.m.c.i.embedder.EclipseLogger - Using 'UTF-8' encoding to copy filtered resources.
2022-05-13 09:33:23,025 [Worker-8: Building] INFO  o.e.m.c.i.embedder.EclipseLogger - skip non existing resourceDirectory D:\IBMAppiumTraining_2\FrameworkProject\AutomationFramework\src\test\resources
2022-05-13 09:33:35,549 [Worker-4: Building] INFO  o.e.m.c.i.embedder.EclipseLogger - Using 'UTF-8' encoding to copy filtered resources.
2022-05-13 09:33:35,550 [Worker-4: Building] INFO  o.e.m.c.i.embedder.EclipseLogger - skip non existing resourceDirectory D:\IBMAppiumTraining_2\FrameworkProject\AutomationFramework\src\main\resources
2022-05-13 09:33:35,551 [Worker-4: Building] INFO  o.e.m.c.i.embedder.EclipseLogger - Using 'UTF-8' encoding to copy filtered resources.
2022-05-13 09:33:35,551 [Worker-4: Building] INFO  o.e.m.c.i.embedder.EclipseLogger - skip non existing resourceDirectory D:\IBMAppiumTraining_2\FrameworkProject\AutomationFramework\src\test\resources
2022-05-13 09:33:39,749 [Worker-3: Building] INFO  o.e.m.c.i.embedder.EclipseLogger - Using 'UTF-8' encoding to copy filtered resources.
2022-05-13 09:33:39,749 [Worker-3: Building] INFO  o.e.m.c.i.embedder.EclipseLogger - skip non existing resourceDirectory D:\IBMAppiumTraining_2\FrameworkProject\AutomationFramework\src\main\resources
2022-05-13 09:33:39,751 [Worker-3: Building] INFO  o.e.m.c.i.embedder.EclipseLogger - Using 'UTF-8' encoding to copy filtered resources.
2022-05-13 09:33:39,751 [Worker-3: Building] INFO  o.e.m.c.i.embedder.EclipseLogger - skip non existing resourceDirectory D:\IBMAppiumTraining_2\FrameworkProject\AutomationFramework\src\test\resources
2022-05-13 09:33:43,847 [Worker-9: Building] INFO  o.e.m.c.i.embedder.EclipseLogger - Using 'UTF-8' encoding to copy filtered resources.
2022-05-13 09:33:43,847 [Worker-9: Building] INFO  o.e.m.c.i.embedder.EclipseLogger - skip non existing resourceDirectory D:\IBMAppiumTraining_2\FrameworkProject\AutomationFramework\src\main\resources
2022-05-13 09:33:43,849 [Worker-9: Building] INFO  o.e.m.c.i.embedder.EclipseLogger - Using 'UTF-8' encoding to copy filtered resources.
2022-05-13 09:33:43,849 [Worker-9: Building] INFO  o.e.m.c.i.embedder.EclipseLogger - skip non existing resourceDirectory D:\IBMAppiumTraining_2\FrameworkProject\AutomationFramework\src\test\resources
2022-05-13 09:34:16,837 [Worker-20: Building] INFO  o.e.m.c.i.embedder.EclipseLogger - Using 'UTF-8' encoding to copy filtered resources.
2022-05-13 09:34:16,837 [Worker-20: Building] INFO  o.e.m.c.i.embedder.EclipseLogger - skip non existing resourceDirectory D:\IBMAppiumTraining_2\FrameworkProject\AutomationFramework\src\main\resources
2022-05-13 09:34:16,839 [Worker-20: Building] INFO  o.e.m.c.i.embedder.EclipseLogger - Using 'UTF-8' encoding to copy filtered resources.
2022-05-13 09:34:16,839 [Worker-20: Building] INFO  o.e.m.c.i.embedder.EclipseLogger - skip non existing resourceDirectory D:\IBMAppiumTraining_2\FrameworkProject\AutomationFramework\src\test\resources
2022-05-13 09:34:18,778 [Worker-11: Building] INFO  o.e.m.c.i.embedder.EclipseLogger - Using 'UTF-8' encoding to copy filtered resources.
2022-05-13 09:34:18,778 [Worker-11: Building] INFO  o.e.m.c.i.embedder.EclipseLogger - skip non existing resourceDirectory D:\IBMAppiumTraining_2\FrameworkProject\AutomationFramework\src\main\resources
2022-05-13 09:34:18,779 [Worker-11: Building] INFO  o.e.m.c.i.embedder.EclipseLogger - Using 'UTF-8' encoding to copy filtered resources.
2022-05-13 09:34:18,779 [Worker-11: Building] INFO  o.e.m.c.i.embedder.EclipseLogger - skip non existing resourceDirectory D:\IBMAppiumTraining_2\FrameworkProject\AutomationFramework\src\test\resources
2022-05-13 09:34:25,208 [Worker-20: Building] INFO  o.e.m.c.i.embedder.EclipseLogger - Using 'UTF-8' encoding to copy filtered resources.
2022-05-13 09:34:25,209 [Worker-20: Building] INFO  o.e.m.c.i.embedder.EclipseLogger - skip non existing resourceDirectory D:\IBMAppiumTraining_2\FrameworkProject\AutomationFramework\src\main\resources
2022-05-13 09:34:25,210 [Worker-20: Building] INFO  o.e.m.c.i.embedder.EclipseLogger - Using 'UTF-8' encoding to copy filtered resources.
2022-05-13 09:34:25,210 [Worker-20: Building] INFO  o.e.m.c.i.embedder.EclipseLogger - skip non existing resourceDirectory D:\IBMAppiumTraining_2\FrameworkProject\AutomationFramework\src\test\resources
2022-05-13 09:34:53,558 [Worker-5: Building] INFO  o.e.m.c.i.embedder.EclipseLogger - Using 'UTF-8' encoding to copy filtered resources.
2022-05-13 09:34:53,558 [Worker-5: Building] INFO  o.e.m.c.i.embedder.EclipseLogger - skip non existing resourceDirectory D:\IBMAppiumTraining_2\FrameworkProject\AutomationFramework\src\main\resources
2022-05-13 09:34:53,559 [Worker-5: Building] INFO  o.e.m.c.i.embedder.EclipseLogger - Using 'UTF-8' encoding to copy filtered resources.
2022-05-13 09:34:53,559 [Worker-5: Building] INFO  o.e.m.c.i.embedder.EclipseLogger - skip non existing resourceDirectory D:\IBMAppiumTraining_2\FrameworkProject\AutomationFramework\src\test\resources
2022-05-13 09:35:21,459 [Worker-5: Building] INFO  o.e.m.c.i.embedder.EclipseLogger - Using 'UTF-8' encoding to copy filtered resources.
2022-05-13 09:35:21,460 [Worker-5: Building] INFO  o.e.m.c.i.embedder.EclipseLogger - skip non existing resourceDirectory D:\IBMAppiumTraining_2\FrameworkProject\AutomationFramework\src\main\resources
2022-05-13 09:35:21,462 [Worker-5: Building] INFO  o.e.m.c.i.embedder.EclipseLogger - Using 'UTF-8' encoding to copy filtered resources.
2022-05-13 09:35:21,462 [Worker-5: Building] INFO  o.e.m.c.i.embedder.EclipseLogger - skip non existing resourceDirectory D:\IBMAppiumTraining_2\FrameworkProject\AutomationFramework\src\test\resources
2022-05-13 09:37:51,152 [Worker-21: Building] INFO  o.e.m.c.i.embedder.EclipseLogger - Using 'UTF-8' encoding to copy filtered resources.
2022-05-13 09:37:51,152 [Worker-21: Building] INFO  o.e.m.c.i.embedder.EclipseLogger - skip non existing resourceDirectory D:\IBMAppiumTraining_2\FrameworkProject\AutomationFramework\src\main\resources
2022-05-13 09:37:51,154 [Worker-21: Building] INFO  o.e.m.c.i.embedder.EclipseLogger - Using 'UTF-8' encoding to copy filtered resources.
2022-05-13 09:37:51,154 [Worker-21: Building] INFO  o.e.m.c.i.embedder.EclipseLogger - skip non existing resourceDirectory D:\IBMAppiumTraining_2\FrameworkProject\AutomationFramework\src\test\resources
2022-05-13 09:54:59,302 [Worker-25: Building] INFO  o.e.m.c.i.embedder.EclipseLogger - Using 'UTF-8' encoding to copy filtered resources.
2022-05-13 09:54:59,302 [Worker-25: Building] INFO  o.e.m.c.i.embedder.EclipseLogger - skip non existing resourceDirectory D:\IBMAppiumTraining_2\FrameworkProject\AutomationFramework\src\main\resources
2022-05-13 09:54:59,303 [Worker-25: Building] INFO  o.e.m.c.i.embedder.EclipseLogger - Using 'UTF-8' encoding to copy filtered resources.
2022-05-13 09:54:59,303 [Worker-25: Building] INFO  o.e.m.c.i.embedder.EclipseLogger - skip non existing resourceDirectory D:\IBMAppiumTraining_2\FrameworkProject\AutomationFramework\src\test\resources
2022-05-13 09:55:04,518 [Worker-8: Building] INFO  o.e.m.c.i.embedder.EclipseLogger - Using 'UTF-8' encoding to copy filtered resources.
2022-05-13 09:55:04,518 [Worker-8: Building] INFO  o.e.m.c.i.embedder.EclipseLogger - skip non existing resourceDirectory D:\IBMAppiumTraining_2\FrameworkProject\AutomationFramework\src\main\resources
2022-05-13 09:55:04,519 [Worker-8: Building] INFO  o.e.m.c.i.embedder.EclipseLogger - Using 'UTF-8' encoding to copy filtered resources.
2022-05-13 09:55:04,520 [Worker-8: Building] INFO  o.e.m.c.i.embedder.EclipseLogger - skip non existing resourceDirectory D:\IBMAppiumTraining_2\FrameworkProject\AutomationFramework\src\test\resources
2022-05-13 09:55:14,079 [Worker-8: Building] INFO  o.e.m.c.i.embedder.EclipseLogger - Using 'UTF-8' encoding to copy filtered resources.
2022-05-13 09:55:14,079 [Worker-8: Building] INFO  o.e.m.c.i.embedder.EclipseLogger - skip non existing resourceDirectory D:\IBMAppiumTraining_2\FrameworkProject\AutomationFramework\src\main\resources
2022-05-13 09:55:14,080 [Worker-8: Building] INFO  o.e.m.c.i.embedder.EclipseLogger - Using 'UTF-8' encoding to copy filtered resources.
2022-05-13 09:55:14,081 [Worker-8: Building] INFO  o.e.m.c.i.embedder.EclipseLogger - skip non existing resourceDirectory D:\IBMAppiumTraining_2\FrameworkProject\AutomationFramework\src\test\resources
2022-05-13 10:03:05,087 [Worker-25: Launching Executing install in D__IBMAppiumTraining_2_FrameworkProject_AutomationFramework] INFO  o.e.m.i.launch.MavenLaunchDelegate - D:\IBMAppiumTraining_2\FrameworkProject\AutomationFramework
2022-05-13 10:03:05,087 [Worker-25: Launching Executing install in D__IBMAppiumTraining_2_FrameworkProject_AutomationFramework] INFO  o.e.m.i.launch.MavenLaunchDelegate -  mvn -B install
2022-05-13 10:05:57,109 [Worker-28: Building] INFO  o.e.m.c.i.embedder.EclipseLogger - Using 'UTF-8' encoding to copy filtered resources.
2022-05-13 10:05:57,109 [Worker-28: Building] INFO  o.e.m.c.i.embedder.EclipseLogger - skip non existing resourceDirectory D:\IBMAppiumTraining_2\FrameworkProject\AutomationFramework\src\main\resources
2022-05-13 10:05:57,111 [Worker-28: Building] INFO  o.e.m.c.i.embedder.EclipseLogger - Using 'UTF-8' encoding to copy filtered resources.
2022-05-13 10:05:57,111 [Worker-28: Building] INFO  o.e.m.c.i.embedder.EclipseLogger - skip non existing resourceDirectory D:\IBMAppiumTraining_2\FrameworkProject\AutomationFramework\src\test\resources
2022-05-13 10:05:58,175 [Worker-30: Building] INFO  o.e.m.c.i.embedder.EclipseLogger - Using 'UTF-8' encoding to copy filtered resources.
2022-05-13 10:05:58,175 [Worker-30: Building] INFO  o.e.m.c.i.embedder.EclipseLogger - skip non existing resourceDirectory D:\IBMAppiumTraining_2\FrameworkProject\AutomationFramework\src\main\resources
2022-05-13 10:05:58,176 [Worker-30: Building] INFO  o.e.m.c.i.embedder.EclipseLogger - Using 'UTF-8' encoding to copy filtered resources.
2022-05-13 10:05:58,176 [Worker-30: Building] INFO  o.e.m.c.i.embedder.EclipseLogger - skip non existing resourceDirectory D:\IBMAppiumTraining_2\FrameworkProject\AutomationFramework\src\test\resources
2022-05-13 10:06:11,672 [Worker-30: Building] INFO  o.e.m.c.i.embedder.EclipseLogger - Using 'UTF-8' encoding to copy filtered resources.
2022-05-13 10:06:11,673 [Worker-30: Building] INFO  o.e.m.c.i.embedder.EclipseLogger - skip non existing resourceDirectory D:\IBMAppiumTraining_2\FrameworkProject\AutomationFramework\src\main\resources
2022-05-13 10:06:11,674 [Worker-30: Building] INFO  o.e.m.c.i.embedder.EclipseLogger - Using 'UTF-8' encoding to copy filtered resources.
2022-05-13 10:06:11,674 [Worker-30: Building] INFO  o.e.m.c.i.embedder.EclipseLogger - skip non existing resourceDirectory D:\IBMAppiumTraining_2\FrameworkProject\AutomationFramework\src\test\resources
2022-05-13 10:06:43,733 [Worker-30: Building] INFO  o.e.m.c.i.embedder.EclipseLogger - Using 'UTF-8' encoding to copy filtered resources.
2022-05-13 10:06:43,733 [Worker-30: Building] INFO  o.e.m.c.i.embedder.EclipseLogger - skip non existing resourceDirectory D:\IBMAppiumTraining_2\FrameworkProject\AutomationFramework\src\main\resources
2022-05-13 10:06:43,734 [Worker-30: Building] INFO  o.e.m.c.i.embedder.EclipseLogger - Using 'UTF-8' encoding to copy filtered resources.
2022-05-13 10:06:43,734 [Worker-30: Building] INFO  o.e.m.c.i.embedder.EclipseLogger - skip non existing resourceDirectory D:\IBMAppiumTraining_2\FrameworkProject\AutomationFramework\src\test\resources
2022-05-13 10:06:44,757 [Worker-28: Building] INFO  o.e.m.c.i.embedder.EclipseLogger - Using 'UTF-8' encoding to copy filtered resources.
2022-05-13 10:06:44,757 [Worker-28: Building] INFO  o.e.m.c.i.embedder.EclipseLogger - skip non existing resourceDirectory D:\IBMAppiumTraining_2\FrameworkProject\AutomationFramework\src\main\resources
2022-05-13 10:06:44,758 [Worker-28: Building] INFO  o.e.m.c.i.embedder.EclipseLogger - Using 'UTF-8' encoding to copy filtered resources.
2022-05-13 10:06:44,758 [Worker-28: Building] INFO  o.e.m.c.i.embedder.EclipseLogger - skip non existing resourceDirectory D:\IBMAppiumTraining_2\FrameworkProject\AutomationFramework\src\test\resources
2022-05-13 10:07:17,044 [Worker-30: Building] INFO  o.e.m.c.i.embedder.EclipseLogger - Using 'UTF-8' encoding to copy filtered resources.
2022-05-13 10:07:17,044 [Worker-30: Building] INFO  o.e.m.c.i.embedder.EclipseLogger - skip non existing resourceDirectory D:\IBMAppiumTraining_2\FrameworkProject\AutomationFramework\src\main\resources
2022-05-13 10:07:17,046 [Worker-30: Building] INFO  o.e.m.c.i.embedder.EclipseLogger - Using 'UTF-8' encoding to copy filtered resources.
2022-05-13 10:07:17,046 [Worker-30: Building] INFO  o.e.m.c.i.embedder.EclipseLogger - skip non existing resourceDirectory D:\IBMAppiumTraining_2\FrameworkProject\AutomationFramework\src\test\resources
2022-05-13 10:08:28,008 [Worker-25: Building] INFO  o.e.m.c.i.embedder.EclipseLogger - Using 'UTF-8' encoding to copy filtered resources.
2022-05-13 10:08:28,008 [Worker-25: Building] INFO  o.e.m.c.i.embedder.EclipseLogger - skip non existing resourceDirectory D:\IBMAppiumTraining_2\FrameworkProject\AutomationFramework\src\main\resources
2022-05-13 10:08:28,010 [Worker-25: Building] INFO  o.e.m.c.i.embedder.EclipseLogger - Using 'UTF-8' encoding to copy filtered resources.
2022-05-13 10:08:28,010 [Worker-25: Building] INFO  o.e.m.c.i.embedder.EclipseLogger - skip non existing resourceDirectory D:\IBMAppiumTraining_2\FrameworkProject\AutomationFramework\src\test\resources
2022-05-13 10:08:37,807 [Worker-25: Building] INFO  o.e.m.c.i.embedder.EclipseLogger - Using 'UTF-8' encoding to copy filtered resources.
2022-05-13 10:08:37,807 [Worker-25: Building] INFO  o.e.m.c.i.embedder.EclipseLogger - skip non existing resourceDirectory D:\IBMAppiumTraining_2\FrameworkProject\AutomationFramework\src\main\resources
2022-05-13 10:08:37,808 [Worker-25: Building] INFO  o.e.m.c.i.embedder.EclipseLogger - Using 'UTF-8' encoding to copy filtered resources.
2022-05-13 10:08:37,809 [Worker-25: Building] INFO  o.e.m.c.i.embedder.EclipseLogger - skip non existing resourceDirectory D:\IBMAppiumTraining_2\FrameworkProject\AutomationFramework\src\test\resources
2022-05-13 10:09:04,218 [Worker-25: Building] INFO  o.e.m.c.i.embedder.EclipseLogger - Using 'UTF-8' encoding to copy filtered resources.
2022-05-13 10:09:04,218 [Worker-25: Building] INFO  o.e.m.c.i.embedder.EclipseLogger - skip non existing resourceDirectory D:\IBMAppiumTraining_2\FrameworkProject\AutomationFramework\src\main\resources
2022-05-13 10:09:04,219 [Worker-25: Building] INFO  o.e.m.c.i.embedder.EclipseLogger - Using 'UTF-8' encoding to copy filtered resources.
2022-05-13 10:09:04,219 [Worker-25: Building] INFO  o.e.m.c.i.embedder.EclipseLogger - skip non existing resourceDirectory D:\IBMAppiumTraining_2\FrameworkProject\AutomationFramework\src\test\resources
2022-05-13 10:09:17,545 [Worker-25: Building] INFO  o.e.m.c.i.embedder.EclipseLogger - Using 'UTF-8' encoding to copy filtered resources.
2022-05-13 10:09:17,546 [Worker-25: Building] INFO  o.e.m.c.i.embedder.EclipseLogger - skip non existing resourceDirectory D:\IBMAppiumTraining_2\FrameworkProject\AutomationFramework\src\main\resources
2022-05-13 10:09:17,547 [Worker-25: Building] INFO  o.e.m.c.i.embedder.EclipseLogger - Using 'UTF-8' encoding to copy filtered resources.
2022-05-13 10:09:17,547 [Worker-25: Building] INFO  o.e.m.c.i.embedder.EclipseLogger - skip non existing resourceDirectory D:\IBMAppiumTraining_2\FrameworkProject\AutomationFramework\src\test\resources
2022-05-13 10:09:24,852 [Worker-25: Building] INFO  o.e.m.c.i.embedder.EclipseLogger - Using 'UTF-8' encoding to copy filtered resources.
2022-05-13 10:09:24,852 [Worker-25: Building] INFO  o.e.m.c.i.embedder.EclipseLogger - skip non existing resourceDirectory D:\IBMAppiumTraining_2\FrameworkProject\AutomationFramework\src\main\resources
2022-05-13 10:09:24,853 [Worker-25: Building] INFO  o.e.m.c.i.embedder.EclipseLogger - Using 'UTF-8' encoding to copy filtered resources.
2022-05-13 10:09:24,853 [Worker-25: Building] INFO  o.e.m.c.i.embedder.EclipseLogger - skip non existing resourceDirectory D:\IBMAppiumTraining_2\FrameworkProject\AutomationFramework\src\test\resources
2022-05-13 10:09:33,409 [Worker-30: Building] INFO  o.e.m.c.i.embedder.EclipseLogger - Using 'UTF-8' encoding to copy filtered resources.
2022-05-13 10:09:33,409 [Worker-30: Building] INFO  o.e.m.c.i.embedder.EclipseLogger - skip non existing resourceDirectory D:\IBMAppiumTraining_2\FrameworkProject\AutomationFramework\src\main\resources
2022-05-13 10:09:33,411 [Worker-30: Building] INFO  o.e.m.c.i.embedder.EclipseLogger - Using 'UTF-8' encoding to copy filtered resources.
2022-05-13 10:09:33,411 [Worker-30: Building] INFO  o.e.m.c.i.embedder.EclipseLogger - skip non existing resourceDirectory D:\IBMAppiumTraining_2\FrameworkProject\AutomationFramework\src\test\resources
2022-05-13 10:10:26,442 [Worker-33: Building] INFO  o.e.m.c.i.embedder.EclipseLogger - Using 'UTF-8' encoding to copy filtered resources.
2022-05-13 10:10:26,442 [Worker-33: Building] INFO  o.e.m.c.i.embedder.EclipseLogger - skip non existing resourceDirectory D:\IBMAppiumTraining_2\FrameworkProject\AutomationFramework\src\main\resources
2022-05-13 10:10:26,444 [Worker-33: Building] INFO  o.e.m.c.i.embedder.EclipseLogger - Using 'UTF-8' encoding to copy filtered resources.
2022-05-13 10:10:26,444 [Worker-33: Building] INFO  o.e.m.c.i.embedder.EclipseLogger - skip non existing resourceDirectory D:\IBMAppiumTraining_2\FrameworkProject\AutomationFramework\src\test\resources
2022-05-13 10:10:55,329 [Worker-32: Building] INFO  o.e.m.c.i.embedder.EclipseLogger - Using 'UTF-8' encoding to copy filtered resources.
2022-05-13 10:10:55,329 [Worker-32: Building] INFO  o.e.m.c.i.embedder.EclipseLogger - skip non existing resourceDirectory D:\IBMAppiumTraining_2\FrameworkProject\AutomationFramework\src\main\resources
2022-05-13 10:10:55,331 [Worker-32: Building] INFO  o.e.m.c.i.embedder.EclipseLogger - Using 'UTF-8' encoding to copy filtered resources.
2022-05-13 10:10:55,331 [Worker-32: Building] INFO  o.e.m.c.i.embedder.EclipseLogger - skip non existing resourceDirectory D:\IBMAppiumTraining_2\FrameworkProject\AutomationFramework\src\test\resources
2022-05-13 10:11:16,537 [Worker-29: Building] INFO  o.e.m.c.i.embedder.EclipseLogger - Using 'UTF-8' encoding to copy filtered resources.
2022-05-13 10:11:16,537 [Worker-29: Building] INFO  o.e.m.c.i.embedder.EclipseLogger - skip non existing resourceDirectory D:\IBMAppiumTraining_2\FrameworkProject\AutomationFramework\src\main\resources
2022-05-13 10:11:16,538 [Worker-29: Building] INFO  o.e.m.c.i.embedder.EclipseLogger - Using 'UTF-8' encoding to copy filtered resources.
2022-05-13 10:11:16,539 [Worker-29: Building] INFO  o.e.m.c.i.embedder.EclipseLogger - skip non existing resourceDirectory D:\IBMAppiumTraining_2\FrameworkProject\AutomationFramework\src\test\resources
2022-05-13 10:11:22,492 [Worker-33: Building] INFO  o.e.m.c.i.embedder.EclipseLogger - Using 'UTF-8' encoding to copy filtered resources.
2022-05-13 10:11:22,492 [Worker-33: Building] INFO  o.e.m.c.i.embedder.EclipseLogger - skip non existing resourceDirectory D:\IBMAppiumTraining_2\FrameworkProject\AutomationFramework\src\main\resources
2022-05-13 10:11:22,493 [Worker-33: Building] INFO  o.e.m.c.i.embedder.EclipseLogger - Using 'UTF-8' encoding to copy filtered resources.
2022-05-13 10:11:22,494 [Worker-33: Building] INFO  o.e.m.c.i.embedder.EclipseLogger - skip non existing resourceDirectory D:\IBMAppiumTraining_2\FrameworkProject\AutomationFramework\src\test\resources
2022-05-13 10:11:41,699 [Worker-25: Building] INFO  o.e.m.c.i.embedder.EclipseLogger - Using 'UTF-8' encoding to copy filtered resources.
2022-05-13 10:11:41,699 [Worker-25: Building] INFO  o.e.m.c.i.embedder.EclipseLogger - skip non existing resourceDirectory D:\IBMAppiumTraining_2\FrameworkProject\AutomationFramework\src\main\resources
2022-05-13 10:11:41,700 [Worker-25: Building] INFO  o.e.m.c.i.embedder.EclipseLogger - Using 'UTF-8' encoding to copy filtered resources.
2022-05-13 10:11:41,700 [Worker-25: Building] INFO  o.e.m.c.i.embedder.EclipseLogger - skip non existing resourceDirectory D:\IBMAppiumTraining_2\FrameworkProject\AutomationFramework\src\test\resources
2022-05-13 10:11:50,086 [Worker-32: Building] INFO  o.e.m.c.i.embedder.EclipseLogger - Using 'UTF-8' encoding to copy filtered resources.
2022-05-13 10:11:50,086 [Worker-32: Building] INFO  o.e.m.c.i.embedder.EclipseLogger - skip non existing resourceDirectory D:\IBMAppiumTraining_2\FrameworkProject\AutomationFramework\src\main\resources
2022-05-13 10:11:50,087 [Worker-32: Building] INFO  o.e.m.c.i.embedder.EclipseLogger - Using 'UTF-8' encoding to copy filtered resources.
2022-05-13 10:11:50,088 [Worker-32: Building] INFO  o.e.m.c.i.embedder.EclipseLogger - skip non existing resourceDirectory D:\IBMAppiumTraining_2\FrameworkProject\AutomationFramework\src\test\resources
2022-05-13 10:12:42,105 [Worker-32: Building] INFO  o.e.m.c.i.embedder.EclipseLogger - Using 'UTF-8' encoding to copy filtered resources.
2022-05-13 10:12:42,105 [Worker-32: Building] INFO  o.e.m.c.i.embedder.EclipseLogger - skip non existing resourceDirectory D:\IBMAppiumTraining_2\FrameworkProject\AutomationFramework\src\main\resources
2022-05-13 10:12:42,107 [Worker-32: Building] INFO  o.e.m.c.i.embedder.EclipseLogger - Using 'UTF-8' encoding to copy filtered resources.
2022-05-13 10:12:42,107 [Worker-32: Building] INFO  o.e.m.c.i.embedder.EclipseLogger - skip non existing resourceDirectory D:\IBMAppiumTraining_2\FrameworkProject\AutomationFramework\src\test\resources
2022-05-13 10:12:46,497 [Worker-33: Building] INFO  o.e.m.c.i.embedder.EclipseLogger - Using 'UTF-8' encoding to copy filtered resources.
2022-05-13 10:12:46,497 [Worker-33: Building] INFO  o.e.m.c.i.embedder.EclipseLogger - skip non existing resourceDirectory D:\IBMAppiumTraining_2\FrameworkProject\AutomationFramework\src\main\resources
2022-05-13 10:12:46,499 [Worker-33: Building] INFO  o.e.m.c.i.embedder.EclipseLogger - Using 'UTF-8' encoding to copy filtered resources.
2022-05-13 10:12:46,499 [Worker-33: Building] INFO  o.e.m.c.i.embedder.EclipseLogger - skip non existing resourceDirectory D:\IBMAppiumTraining_2\FrameworkProject\AutomationFramework\src\test\resources
2022-05-13 10:34:48,702 [Worker-36: Building] INFO  o.e.m.c.i.embedder.EclipseLogger - Using 'UTF-8' encoding to copy filtered resources.
2022-05-13 10:34:48,703 [Worker-36: Building] INFO  o.e.m.c.i.embedder.EclipseLogger - skip non existing resourceDirectory D:\IBMAppiumTraining_2\FrameworkProject\AutomationFramework\src\main\resources
2022-05-13 10:34:48,704 [Worker-36: Building] INFO  o.e.m.c.i.embedder.EclipseLogger - Using 'UTF-8' encoding to copy filtered resources.
2022-05-13 10:34:48,704 [Worker-36: Building] INFO  o.e.m.c.i.embedder.EclipseLogger - skip non existing resourceDirectory D:\IBMAppiumTraining_2\FrameworkProject\AutomationFramework\src\test\resources
2022-05-13 10:34:59,350 [Worker-34: Building] INFO  o.e.m.c.i.embedder.EclipseLogger - Using 'UTF-8' encoding to copy filtered resources.
2022-05-13 10:34:59,350 [Worker-34: Building] INFO  o.e.m.c.i.embedder.EclipseLogger - skip non existing resourceDirectory D:\IBMAppiumTraining_2\FrameworkProject\AutomationFramework\src\main\resources
2022-05-13 10:34:59,352 [Worker-34: Building] INFO  o.e.m.c.i.embedder.EclipseLogger - Using 'UTF-8' encoding to copy filtered resources.
2022-05-13 10:34:59,352 [Worker-34: Building] INFO  o.e.m.c.i.embedder.EclipseLogger - skip non existing resourceDirectory D:\IBMAppiumTraining_2\FrameworkProject\AutomationFramework\src\test\resources
2022-05-13 10:35:08,669 [Worker-32: Building] INFO  o.e.m.c.i.embedder.EclipseLogger - Using 'UTF-8' encoding to copy filtered resources.
2022-05-13 10:35:08,669 [Worker-32: Building] INFO  o.e.m.c.i.embedder.EclipseLogger - skip non existing resourceDirectory D:\IBMAppiumTraining_2\FrameworkProject\AutomationFramework\src\main\resources
2022-05-13 10:35:08,670 [Worker-32: Building] INFO  o.e.m.c.i.embedder.EclipseLogger - Using 'UTF-8' encoding to copy filtered resources.
2022-05-13 10:35:08,670 [Worker-32: Building] INFO  o.e.m.c.i.embedder.EclipseLogger - skip non existing resourceDirectory D:\IBMAppiumTraining_2\FrameworkProject\AutomationFramework\src\test\resources
2022-05-13 10:35:40,474 [Worker-35: Building] INFO  o.e.m.c.i.embedder.EclipseLogger - Using 'UTF-8' encoding to copy filtered resources.
2022-05-13 10:35:40,474 [Worker-35: Building] INFO  o.e.m.c.i.embedder.EclipseLogger - skip non existing resourceDirectory D:\IBMAppiumTraining_2\FrameworkProject\AutomationFramework\src\main\resources
2022-05-13 10:35:40,475 [Worker-35: Building] INFO  o.e.m.c.i.embedder.EclipseLogger - Using 'UTF-8' encoding to copy filtered resources.
2022-05-13 10:35:40,475 [Worker-35: Building] INFO  o.e.m.c.i.embedder.EclipseLogger - skip non existing resourceDirectory D:\IBMAppiumTraining_2\FrameworkProject\AutomationFramework\src\test\resources
2022-05-13 10:35:45,566 [Worker-34: Building] INFO  o.e.m.c.i.embedder.EclipseLogger - Using 'UTF-8' encoding to copy filtered resources.
2022-05-13 10:35:45,567 [Worker-34: Building] INFO  o.e.m.c.i.embedder.EclipseLogger - skip non existing resourceDirectory D:\IBMAppiumTraining_2\FrameworkProject\AutomationFramework\src\main\resources
2022-05-13 10:35:45,567 [Worker-34: Building] INFO  o.e.m.c.i.embedder.EclipseLogger - Using 'UTF-8' encoding to copy filtered resources.
2022-05-13 10:35:45,567 [Worker-34: Building] INFO  o.e.m.c.i.embedder.EclipseLogger - skip non existing resourceDirectory D:\IBMAppiumTraining_2\FrameworkProject\AutomationFramework\src\test\resources
2022-05-13 11:04:25,480 [Worker-39: Building] INFO  o.e.m.c.i.embedder.EclipseLogger - Using 'UTF-8' encoding to copy filtered resources.
2022-05-13 11:04:25,480 [Worker-39: Building] INFO  o.e.m.c.i.embedder.EclipseLogger - skip non existing resourceDirectory D:\IBMAppiumTraining_2\FrameworkProject\AutomationFramework\src\main\resources
2022-05-13 11:04:25,481 [Worker-39: Building] INFO  o.e.m.c.i.embedder.EclipseLogger - Using 'UTF-8' encoding to copy filtered resources.
2022-05-13 11:04:25,481 [Worker-39: Building] INFO  o.e.m.c.i.embedder.EclipseLogger - skip non existing resourceDirectory D:\IBMAppiumTraining_2\FrameworkProject\AutomationFramework\src\test\resources
2022-05-13 11:05:08,013 [Worker-40: Building] INFO  o.e.m.c.i.embedder.EclipseLogger - Using 'UTF-8' encoding to copy filtered resources.
2022-05-13 11:05:08,014 [Worker-40: Building] INFO  o.e.m.c.i.embedder.EclipseLogger - skip non existing resourceDirectory D:\IBMAppiumTraining_2\FrameworkProject\AutomationFramework\src\main\resources
2022-05-13 11:05:08,014 [Worker-40: Building] INFO  o.e.m.c.i.embedder.EclipseLogger - Using 'UTF-8' encoding to copy filtered resources.
2022-05-13 11:05:08,014 [Worker-40: Building] INFO  o.e.m.c.i.embedder.EclipseLogger - skip non existing resourceDirectory D:\IBMAppiumTraining_2\FrameworkProject\AutomationFramework\src\test\resources
2022-05-13 11:05:42,938 [Worker-36: Building] INFO  o.e.m.c.i.embedder.EclipseLogger - Using 'UTF-8' encoding to copy filtered resources.
2022-05-13 11:05:42,939 [Worker-36: Building] INFO  o.e.m.c.i.embedder.EclipseLogger - skip non existing resourceDirectory D:\IBMAppiumTraining_2\FrameworkProject\AutomationFramework\src\main\resources
2022-05-13 11:05:42,940 [Worker-36: Building] INFO  o.e.m.c.i.embedder.EclipseLogger - Using 'UTF-8' encoding to copy filtered resources.
2022-05-13 11:05:42,940 [Worker-36: Building] INFO  o.e.m.c.i.embedder.EclipseLogger - skip non existing resourceDirectory D:\IBMAppiumTraining_2\FrameworkProject\AutomationFramework\src\test\resources
2022-05-13 11:06:21,967 [Worker-40: Building] INFO  o.e.m.c.i.embedder.EclipseLogger - Using 'UTF-8' encoding to copy filtered resources.
2022-05-13 11:06:21,967 [Worker-40: Building] INFO  o.e.m.c.i.embedder.EclipseLogger - skip non existing resourceDirectory D:\IBMAppiumTraining_2\FrameworkProject\AutomationFramework\src\main\resources
2022-05-13 11:06:21,968 [Worker-40: Building] INFO  o.e.m.c.i.embedder.EclipseLogger - Using 'UTF-8' encoding to copy filtered resources.
2022-05-13 11:06:21,968 [Worker-40: Building] INFO  o.e.m.c.i.embedder.EclipseLogger - skip non existing resourceDirectory D:\IBMAppiumTraining_2\FrameworkProject\AutomationFramework\src\test\resources
2022-05-13 11:06:30,314 [Worker-36: Building] INFO  o.e.m.c.i.embedder.EclipseLogger - Using 'UTF-8' encoding to copy filtered resources.
2022-05-13 11:06:30,314 [Worker-36: Building] INFO  o.e.m.c.i.embedder.EclipseLogger - skip non existing resourceDirectory D:\IBMAppiumTraining_2\FrameworkProject\AutomationFramework\src\main\resources
2022-05-13 11:06:30,315 [Worker-36: Building] INFO  o.e.m.c.i.embedder.EclipseLogger - Using 'UTF-8' encoding to copy filtered resources.
2022-05-13 11:06:30,315 [Worker-36: Building] INFO  o.e.m.c.i.embedder.EclipseLogger - skip non existing resourceDirectory D:\IBMAppiumTraining_2\FrameworkProject\AutomationFramework\src\test\resources
2022-05-13 11:06:45,630 [Worker-34: Building] INFO  o.e.m.c.i.embedder.EclipseLogger - Using 'UTF-8' encoding to copy filtered resources.
2022-05-13 11:06:45,630 [Worker-34: Building] INFO  o.e.m.c.i.embedder.EclipseLogger - skip non existing resourceDirectory D:\IBMAppiumTraining_2\FrameworkProject\AutomationFramework\src\main\resources
2022-05-13 11:06:45,631 [Worker-34: Building] INFO  o.e.m.c.i.embedder.EclipseLogger - Using 'UTF-8' encoding to copy filtered resources.
2022-05-13 11:06:45,631 [Worker-34: Building] INFO  o.e.m.c.i.embedder.EclipseLogger - skip non existing resourceDirectory D:\IBMAppiumTraining_2\FrameworkProject\AutomationFramework\src\test\resources
2022-05-13 11:06:49,602 [Worker-36: Building] INFO  o.e.m.c.i.embedder.EclipseLogger - Using 'UTF-8' encoding to copy filtered resources.
2022-05-13 11:06:49,602 [Worker-36: Building] INFO  o.e.m.c.i.embedder.EclipseLogger - skip non existing resourceDirectory D:\IBMAppiumTraining_2\FrameworkProject\AutomationFramework\src\main\resources
2022-05-13 11:06:49,603 [Worker-36: Building] INFO  o.e.m.c.i.embedder.EclipseLogger - Using 'UTF-8' encoding to copy filtered resources.
2022-05-13 11:06:49,603 [Worker-36: Building] INFO  o.e.m.c.i.embedder.EclipseLogger - skip non existing resourceDirectory D:\IBMAppiumTraining_2\FrameworkProject\AutomationFramework\src\test\resources
2022-05-13 11:07:00,416 [Worker-42: Building] INFO  o.e.m.c.i.embedder.EclipseLogger - Using 'UTF-8' encoding to copy filtered resources.
2022-05-13 11:07:00,417 [Worker-42: Building] INFO  o.e.m.c.i.embedder.EclipseLogger - skip non existing resourceDirectory D:\IBMAppiumTraining_2\FrameworkProject\AutomationFramework\src\main\resources
2022-05-13 11:07:00,417 [Worker-42: Building] INFO  o.e.m.c.i.embedder.EclipseLogger - Using 'UTF-8' encoding to copy filtered resources.
2022-05-13 11:07:00,418 [Worker-42: Building] INFO  o.e.m.c.i.embedder.EclipseLogger - skip non existing resourceDirectory D:\IBMAppiumTraining_2\FrameworkProject\AutomationFramework\src\test\resources
2022-05-13 11:07:13,786 [Worker-42: Building] INFO  o.e.m.c.i.embedder.EclipseLogger - Using 'UTF-8' encoding to copy filtered resources.
2022-05-13 11:07:13,786 [Worker-42: Building] INFO  o.e.m.c.i.embedder.EclipseLogger - skip non existing resourceDirectory D:\IBMAppiumTraining_2\FrameworkProject\AutomationFramework\src\main\resources
2022-05-13 11:07:13,787 [Worker-42: Building] INFO  o.e.m.c.i.embedder.EclipseLogger - Using 'UTF-8' encoding to copy filtered resources.
2022-05-13 11:07:13,787 [Worker-42: Building] INFO  o.e.m.c.i.embedder.EclipseLogger - skip non existing resourceDirectory D:\IBMAppiumTraining_2\FrameworkProject\AutomationFramework\src\test\resources
2022-05-13 11:07:15,031 [Worker-41: Building] INFO  o.e.m.c.i.embedder.EclipseLogger - Using 'UTF-8' encoding to copy filtered resources.
2022-05-13 11:07:15,031 [Worker-41: Building] INFO  o.e.m.c.i.embedder.EclipseLogger - skip non existing resourceDirectory D:\IBMAppiumTraining_2\FrameworkProject\AutomationFramework\src\main\resources
2022-05-13 11:07:15,032 [Worker-41: Building] INFO  o.e.m.c.i.embedder.EclipseLogger - Using 'UTF-8' encoding to copy filtered resources.
2022-05-13 11:07:15,032 [Worker-41: Building] INFO  o.e.m.c.i.embedder.EclipseLogger - skip non existing resourceDirectory D:\IBMAppiumTraining_2\FrameworkProject\AutomationFramework\src\test\resources
2022-05-13 11:07:25,783 [Worker-34: Launching Executing install in D__IBMAppiumTraining_2_FrameworkProject_AutomationFramework] INFO  o.e.m.i.launch.MavenLaunchDelegate - D:\IBMAppiumTraining_2\FrameworkProject\AutomationFramework
2022-05-13 11:07:25,783 [Worker-34: Launching Executing install in D__IBMAppiumTraining_2_FrameworkProject_AutomationFramework] INFO  o.e.m.i.launch.MavenLaunchDelegate -  mvn -B install
2022-05-13 11:11:38,168 [Worker-34: Building] INFO  o.e.m.c.i.embedder.EclipseLogger - Using 'UTF-8' encoding to copy filtered resources.
2022-05-13 11:11:38,168 [Worker-34: Building] INFO  o.e.m.c.i.embedder.EclipseLogger - skip non existing resourceDirectory D:\IBMAppiumTraining_2\FrameworkProject\AutomationFramework\src\main\resources
2022-05-13 11:11:38,169 [Worker-34: Building] INFO  o.e.m.c.i.embedder.EclipseLogger - Using 'UTF-8' encoding to copy filtered resources.
2022-05-13 11:11:38,169 [Worker-34: Building] INFO  o.e.m.c.i.embedder.EclipseLogger - skip non existing resourceDirectory D:\IBMAppiumTraining_2\FrameworkProject\AutomationFramework\src\test\resources
2022-05-13 11:11:47,701 [Worker-43: Launching Executing install in D__IBMAppiumTraining_2_FrameworkProject_AutomationFramework] INFO  o.e.m.i.launch.MavenLaunchDelegate - D:\IBMAppiumTraining_2\FrameworkProject\AutomationFramework
2022-05-13 11:11:47,701 [Worker-43: Launching Executing install in D__IBMAppiumTraining_2_FrameworkProject_AutomationFramework] INFO  o.e.m.i.launch.MavenLaunchDelegate -  mvn -B install
2022-05-13 11:16:39,622 [Worker-40: Building] INFO  o.e.m.c.i.embedder.EclipseLogger - Using 'UTF-8' encoding to copy filtered resources.
2022-05-13 11:16:39,623 [Worker-40: Building] INFO  o.e.m.c.i.embedder.EclipseLogger - skip non existing resourceDirectory D:\IBMAppiumTraining_2\FrameworkProject\AutomationFramework\src\main\resources
2022-05-13 11:16:39,623 [Worker-40: Building] INFO  o.e.m.c.i.embedder.EclipseLogger - Using 'UTF-8' encoding to copy filtered resources.
2022-05-13 11:16:39,623 [Worker-40: Building] INFO  o.e.m.c.i.embedder.EclipseLogger - skip non existing resourceDirectory D:\IBMAppiumTraining_2\FrameworkProject\AutomationFramework\src\test\resources
2022-05-13 11:16:43,799 [Worker-45: Building] INFO  o.e.m.c.i.embedder.EclipseLogger - Using 'UTF-8' encoding to copy filtered resources.
2022-05-13 11:16:43,799 [Worker-45: Building] INFO  o.e.m.c.i.embedder.EclipseLogger - skip non existing resourceDirectory D:\IBMAppiumTraining_2\FrameworkProject\AutomationFramework\src\main\resources
2022-05-13 11:16:43,800 [Worker-45: Building] INFO  o.e.m.c.i.embedder.EclipseLogger - Using 'UTF-8' encoding to copy filtered resources.
2022-05-13 11:16:43,800 [Worker-45: Building] INFO  o.e.m.c.i.embedder.EclipseLogger - skip non existing resourceDirectory D:\IBMAppiumTraining_2\FrameworkProject\AutomationFramework\src\test\resources
2022-05-13 11:16:49,954 [Worker-46: Building] INFO  o.e.m.c.i.embedder.EclipseLogger - Using 'UTF-8' encoding to copy filtered resources.
2022-05-13 11:16:49,954 [Worker-46: Building] INFO  o.e.m.c.i.embedder.EclipseLogger - skip non existing resourceDirectory D:\IBMAppiumTraining_2\FrameworkProject\AutomationFramework\src\main\resources
2022-05-13 11:16:49,955 [Worker-46: Building] INFO  o.e.m.c.i.embedder.EclipseLogger - Using 'UTF-8' encoding to copy filtered resources.
2022-05-13 11:16:49,955 [Worker-46: Building] INFO  o.e.m.c.i.embedder.EclipseLogger - skip non existing resourceDirectory D:\IBMAppiumTraining_2\FrameworkProject\AutomationFramework\src\test\resources
2022-05-13 11:17:04,076 [Worker-46: Launching Executing install in D__IBMAppiumTraining_2_FrameworkProject_AutomationFramework] INFO  o.e.m.i.launch.MavenLaunchDelegate - D:\IBMAppiumTraining_2\FrameworkProject\AutomationFramework
2022-05-13 11:17:04,076 [Worker-46: Launching Executing install in D__IBMAppiumTraining_2_FrameworkProject_AutomationFramework] INFO  o.e.m.i.launch.MavenLaunchDelegate -  mvn -B install
2022-05-13 11:18:25,533 [Worker-50: Building] INFO  o.e.m.c.i.embedder.EclipseLogger - Using 'UTF-8' encoding to copy filtered resources.
2022-05-13 11:18:25,533 [Worker-50: Building] INFO  o.e.m.c.i.embedder.EclipseLogger - skip non existing resourceDirectory D:\IBMAppiumTraining_2\FrameworkProject\AutomationFramework\src\main\resources
2022-05-13 11:18:25,534 [Worker-50: Building] INFO  o.e.m.c.i.embedder.EclipseLogger - Using 'UTF-8' encoding to copy filtered resources.
2022-05-13 11:18:25,534 [Worker-50: Building] INFO  o.e.m.c.i.embedder.EclipseLogger - skip non existing resourceDirectory D:\IBMAppiumTraining_2\FrameworkProject\AutomationFramework\src\test\resources
2022-05-13 11:18:30,141 [Worker-50: Building] INFO  o.e.m.c.i.embedder.EclipseLogger - Using 'UTF-8' encoding to copy filtered resources.
2022-05-13 11:18:30,142 [Worker-50: Building] INFO  o.e.m.c.i.embedder.EclipseLogger - skip non existing resourceDirectory D:\IBMAppiumTraining_2\FrameworkProject\AutomationFramework\src\main\resources
2022-05-13 11:18:30,142 [Worker-50: Building] INFO  o.e.m.c.i.embedder.EclipseLogger - Using 'UTF-8' encoding to copy filtered resources.
2022-05-13 11:18:30,142 [Worker-50: Building] INFO  o.e.m.c.i.embedder.EclipseLogger - skip non existing resourceDirectory D:\IBMAppiumTraining_2\FrameworkProject\AutomationFramework\src\test\resources
2022-05-13 11:18:35,972 [Worker-48: Building] INFO  o.e.m.c.i.embedder.EclipseLogger - Using 'UTF-8' encoding to copy filtered resources.
2022-05-13 11:18:35,972 [Worker-48: Building] INFO  o.e.m.c.i.embedder.EclipseLogger - skip non existing resourceDirectory D:\IBMAppiumTraining_2\FrameworkProject\AutomationFramework\src\main\resources
2022-05-13 11:18:35,974 [Worker-48: Building] INFO  o.e.m.c.i.embedder.EclipseLogger - Using 'UTF-8' encoding to copy filtered resources.
2022-05-13 11:18:35,975 [Worker-48: Building] INFO  o.e.m.c.i.embedder.EclipseLogger - skip non existing resourceDirectory D:\IBMAppiumTraining_2\FrameworkProject\AutomationFramework\src\test\resources
2022-05-13 11:18:48,881 [Worker-52: Launching Executing install in D__IBMAppiumTraining_2_FrameworkProject_AutomationFramework] INFO  o.e.m.i.launch.MavenLaunchDelegate - D:\IBMAppiumTraining_2\FrameworkProject\AutomationFramework
2022-05-13 11:18:48,881 [Worker-52: Launching Executing install in D__IBMAppiumTraining_2_FrameworkProject_AutomationFramework] INFO  o.e.m.i.launch.MavenLaunchDelegate -  mvn -B install
2022-05-17 10:22:17,068 [Worker-0: Loading available Gradle versions] INFO  o.e.b.c.i.u.g.PublishedGradleVersions - Gradle version information cache is up-to-date. Trying to read.
2022-05-17 10:22:37,636 [Worker-17: Building] INFO  o.e.m.c.i.embedder.EclipseLogger - Using 'UTF-8' encoding to copy filtered resources.
2022-05-17 10:22:37,636 [Worker-17: Building] INFO  o.e.m.c.i.embedder.EclipseLogger - skip non existing resourceDirectory D:\IBMAppiumTraining_2\FrameworkProject\AutomationFramework\src\main\resources
2022-05-17 10:22:37,638 [Worker-17: Building] INFO  o.e.m.c.i.embedder.EclipseLogger - Using 'UTF-8' encoding to copy filtered resources.
2022-05-17 10:22:37,639 [Worker-17: Building] INFO  o.e.m.c.i.embedder.EclipseLogger - skip non existing resourceDirectory D:\IBMAppiumTraining_2\FrameworkProject\AutomationFramework\src\test\resources
2022-05-17 10:22:47,259 [Worker-0: Launching Executing install in D__IBMAppiumTraining_2_FrameworkProject_AutomationFramework] INFO  o.e.m.i.launch.MavenLaunchDelegate - D:\IBMAppiumTraining_2\FrameworkProject\AutomationFramework
2022-05-17 10:22:47,260 [Worker-0: Launching Executing install in D__IBMAppiumTraining_2_FrameworkProject_AutomationFramework] INFO  o.e.m.i.launch.MavenLaunchDelegate -  mvn -B install
