2022-06-03 19:59:09,130 [Worker-1: Loading available Gradle versions] INFO  o.e.b.c.i.u.g.PublishedGradleVersions - Gradle version information cache is out-of-date. Trying to update.
2022-06-03 19:59:11,052 [Worker-1: Loading available Gradle versions] ERROR o.e.b.c.i.u.g.PublishedGradleVersions - Cannot write Gradle version information cache file.
java.io.FileNotFoundException: C:\Users\IBMADMIN\.tooling\gradle\versions.json (Access is denied)
	at java.base/java.io.FileOutputStream.open0(Native Method)
	at java.base/java.io.FileOutputStream.open(FileOutputStream.java:293)
	at java.base/java.io.FileOutputStream.<init>(FileOutputStream.java:235)
	at com.google.common.io.Files$FileByteSink.openStream(Files.java:193)
	at com.google.common.io.Files$FileByteSink.openStream(Files.java:181)
	at com.google.common.io.ByteSink$AsCharSink.openStream(ByteSink.java:149)
	at com.google.common.io.CharSource$StringCharSource.copyTo(CharSource.java:648)
	at org.eclipse.buildship.core.internal.util.gradle.PublishedGradleVersions.storeCacheVersionsFile(PublishedGradleVersions.java:184)
	at org.eclipse.buildship.core.internal.util.gradle.PublishedGradleVersions.tryToDownloadAndCacheVersions(PublishedGradleVersions.java:150)
	at org.eclipse.buildship.core.internal.util.gradle.PublishedGradleVersions.tryToUpdateOutdatedVersionsFile(PublishedGradleVersions.java:133)
	at org.eclipse.buildship.core.internal.util.gradle.PublishedGradleVersions.create(PublishedGradleVersions.java:117)
	at org.eclipse.buildship.core.internal.util.gradle.PublishedGradleVersionsWrapper$LoadVersionsJob.run(PublishedGradleVersionsWrapper.java:60)
	at org.eclipse.core.internal.jobs.Worker.run(Worker.java:63)
2022-06-03 19:59:49,117 [Worker-5: Building] INFO  o.e.m.c.i.l.LifecycleMappingFactory - Using org.eclipse.m2e.jdt.JarLifecycleMapping lifecycle mapping for MavenProject: RestAPI:Automation:0.0.1-SNAPSHOT @ C:\Users\IBMADMIN\Documents\API\APIAutomation\Automation\pom.xml.
2022-06-03 19:59:49,117 [Worker-13: Updating Maven Dependencies] INFO  o.e.m.c.i.l.LifecycleMappingFactory - Using org.eclipse.m2e.jdt.JarLifecycleMapping lifecycle mapping for MavenProject: RestAPI:Automation:0.0.1-SNAPSHOT @ C:\Users\IBMADMIN\Documents\API\APIAutomation\Automation\pom.xml.
2022-06-03 19:59:52,309 [Worker-5: Building] INFO  o.e.m.c.i.embedder.EclipseLogger - Using 'UTF-8' encoding to copy filtered resources.
2022-06-03 19:59:52,310 [Worker-5: Building] INFO  o.e.m.c.i.embedder.EclipseLogger - skip non existing resourceDirectory C:\Users\IBMADMIN\Documents\API\APIAutomation\Automation\src\main\resources
2022-06-03 19:59:52,318 [Worker-5: Building] INFO  o.e.m.c.i.embedder.EclipseLogger - Using 'UTF-8' encoding to copy filtered resources.
2022-06-03 19:59:52,318 [Worker-5: Building] INFO  o.e.m.c.i.embedder.EclipseLogger - skip non existing resourceDirectory C:\Users\IBMADMIN\Documents\API\APIAutomation\Automation\src\test\resources
2022-06-03 19:59:54,989 [Worker-19: Updating Maven Dependencies] INFO  o.e.m.c.i.l.LifecycleMappingFactory - Using org.eclipse.m2e.jdt.JarLifecycleMapping lifecycle mapping for MavenProject: RestAPI:Automation:0.0.1-SNAPSHOT @ C:\Users\IBMADMIN\Documents\API\APIAutomation\Automation\pom.xml.
2022-06-03 19:59:55,006 [Worker-3: Building] INFO  o.e.m.c.i.embedder.EclipseLogger - Using 'UTF-8' encoding to copy filtered resources.
2022-06-03 19:59:55,007 [Worker-3: Building] INFO  o.e.m.c.i.embedder.EclipseLogger - skip non existing resourceDirectory C:\Users\IBMADMIN\Documents\API\APIAutomation\Automation\src\main\resources
2022-06-03 19:59:55,012 [Worker-3: Building] INFO  o.e.m.c.i.embedder.EclipseLogger - Using 'UTF-8' encoding to copy filtered resources.
2022-06-03 19:59:55,012 [Worker-3: Building] INFO  o.e.m.c.i.embedder.EclipseLogger - skip non existing resourceDirectory C:\Users\IBMADMIN\Documents\API\APIAutomation\Automation\src\test\resources
2022-06-03 19:59:56,385 [Worker-19: Building] INFO  o.e.m.c.i.embedder.EclipseLogger - Using 'UTF-8' encoding to copy filtered resources.
2022-06-03 19:59:56,386 [Worker-19: Building] INFO  o.e.m.c.i.embedder.EclipseLogger - skip non existing resourceDirectory C:\Users\IBMADMIN\Documents\API\APIAutomation\Automation\src\main\resources
2022-06-03 19:59:56,388 [Worker-19: Building] INFO  o.e.m.c.i.embedder.EclipseLogger - Using 'UTF-8' encoding to copy filtered resources.
2022-06-03 19:59:56,389 [Worker-19: Building] INFO  o.e.m.c.i.embedder.EclipseLogger - skip non existing resourceDirectory C:\Users\IBMADMIN\Documents\API\APIAutomation\Automation\src\test\resources
2022-06-03 20:05:46,479 [Worker-5: Loading available Gradle versions] INFO  o.e.b.c.i.u.g.PublishedGradleVersions - Gradle version information cache is out-of-date. Trying to update.
2022-06-03 20:05:47,495 [Worker-5: Loading available Gradle versions] ERROR o.e.b.c.i.u.g.PublishedGradleVersions - Cannot write Gradle version information cache file.
java.io.FileNotFoundException: C:\Users\IBMADMIN\.tooling\gradle\versions.json (Access is denied)
	at java.base/java.io.FileOutputStream.open0(Native Method)
	at java.base/java.io.FileOutputStream.open(FileOutputStream.java:293)
	at java.base/java.io.FileOutputStream.<init>(FileOutputStream.java:235)
	at com.google.common.io.Files$FileByteSink.openStream(Files.java:193)
	at com.google.common.io.Files$FileByteSink.openStream(Files.java:181)
	at com.google.common.io.ByteSink$AsCharSink.openStream(ByteSink.java:149)
	at com.google.common.io.CharSource$StringCharSource.copyTo(CharSource.java:648)
	at org.eclipse.buildship.core.internal.util.gradle.PublishedGradleVersions.storeCacheVersionsFile(PublishedGradleVersions.java:184)
	at org.eclipse.buildship.core.internal.util.gradle.PublishedGradleVersions.tryToDownloadAndCacheVersions(PublishedGradleVersions.java:150)
	at org.eclipse.buildship.core.internal.util.gradle.PublishedGradleVersions.tryToUpdateOutdatedVersionsFile(PublishedGradleVersions.java:133)
	at org.eclipse.buildship.core.internal.util.gradle.PublishedGradleVersions.create(PublishedGradleVersions.java:117)
	at org.eclipse.buildship.core.internal.util.gradle.PublishedGradleVersionsWrapper$LoadVersionsJob.run(PublishedGradleVersionsWrapper.java:60)
	at org.eclipse.core.internal.jobs.Worker.run(Worker.java:63)
2022-06-03 20:18:49,637 [Worker-3: Loading available Gradle versions] INFO  o.e.b.c.i.u.g.PublishedGradleVersions - Gradle version information cache is out-of-date. Trying to update.
2022-06-03 20:18:50,922 [Worker-3: Loading available Gradle versions] ERROR o.e.b.c.i.u.g.PublishedGradleVersions - Cannot write Gradle version information cache file.
java.io.FileNotFoundException: C:\Users\IBMADMIN\.tooling\gradle\versions.json (Access is denied)
	at java.base/java.io.FileOutputStream.open0(Native Method)
	at java.base/java.io.FileOutputStream.open(FileOutputStream.java:293)
	at java.base/java.io.FileOutputStream.<init>(FileOutputStream.java:235)
	at com.google.common.io.Files$FileByteSink.openStream(Files.java:193)
	at com.google.common.io.Files$FileByteSink.openStream(Files.java:181)
	at com.google.common.io.ByteSink$AsCharSink.openStream(ByteSink.java:149)
	at com.google.common.io.CharSource$StringCharSource.copyTo(CharSource.java:648)
	at org.eclipse.buildship.core.internal.util.gradle.PublishedGradleVersions.storeCacheVersionsFile(PublishedGradleVersions.java:184)
	at org.eclipse.buildship.core.internal.util.gradle.PublishedGradleVersions.tryToDownloadAndCacheVersions(PublishedGradleVersions.java:150)
	at org.eclipse.buildship.core.internal.util.gradle.PublishedGradleVersions.tryToUpdateOutdatedVersionsFile(PublishedGradleVersions.java:133)
	at org.eclipse.buildship.core.internal.util.gradle.PublishedGradleVersions.create(PublishedGradleVersions.java:117)
	at org.eclipse.buildship.core.internal.util.gradle.PublishedGradleVersionsWrapper$LoadVersionsJob.run(PublishedGradleVersionsWrapper.java:60)
	at org.eclipse.core.internal.jobs.Worker.run(Worker.java:63)
2022-06-03 20:19:17,658 [Worker-10: Building] INFO  o.e.m.c.i.embedder.EclipseLogger - Using 'UTF-8' encoding to copy filtered resources.
2022-06-03 20:19:17,658 [Worker-10: Building] INFO  o.e.m.c.i.embedder.EclipseLogger - skip non existing resourceDirectory C:\Users\IBMADMIN\Documents\API\APIAutomation\Automation\src\main\resources
2022-06-03 20:19:17,660 [Worker-10: Building] INFO  o.e.m.c.i.embedder.EclipseLogger - Using 'UTF-8' encoding to copy filtered resources.
2022-06-03 20:19:17,661 [Worker-10: Building] INFO  o.e.m.c.i.embedder.EclipseLogger - skip non existing resourceDirectory C:\Users\IBMADMIN\Documents\API\APIAutomation\Automation\src\test\resources
2022-08-07 11:33:04,932 [Worker-2: Loading available Gradle versions] INFO  o.e.b.c.i.u.g.PublishedGradleVersions - Gradle version information cache is out-of-date. Trying to update.
2022-08-07 11:33:09,983 [Worker-2: Loading available Gradle versions] ERROR o.e.b.c.i.u.g.PublishedGradleVersions - Cannot write Gradle version information cache file.
java.io.FileNotFoundException: C:\Users\IBMADMIN\.tooling\gradle\versions.json (Access is denied)
	at java.base/java.io.FileOutputStream.open0(Native Method)
	at java.base/java.io.FileOutputStream.open(FileOutputStream.java:293)
	at java.base/java.io.FileOutputStream.<init>(FileOutputStream.java:235)
	at com.google.common.io.Files$FileByteSink.openStream(Files.java:193)
	at com.google.common.io.Files$FileByteSink.openStream(Files.java:181)
	at com.google.common.io.ByteSink$AsCharSink.openStream(ByteSink.java:149)
	at com.google.common.io.CharSource$StringCharSource.copyTo(CharSource.java:648)
	at org.eclipse.buildship.core.internal.util.gradle.PublishedGradleVersions.storeCacheVersionsFile(PublishedGradleVersions.java:184)
	at org.eclipse.buildship.core.internal.util.gradle.PublishedGradleVersions.tryToDownloadAndCacheVersions(PublishedGradleVersions.java:150)
	at org.eclipse.buildship.core.internal.util.gradle.PublishedGradleVersions.tryToUpdateOutdatedVersionsFile(PublishedGradleVersions.java:133)
	at org.eclipse.buildship.core.internal.util.gradle.PublishedGradleVersions.create(PublishedGradleVersions.java:117)
	at org.eclipse.buildship.core.internal.util.gradle.PublishedGradleVersionsWrapper$LoadVersionsJob.run(PublishedGradleVersionsWrapper.java:60)
	at org.eclipse.core.internal.jobs.Worker.run(Worker.java:63)
2022-08-07 11:33:31,621 [Worker-3: Building] INFO  o.e.m.c.i.embedder.EclipseLogger - Using 'UTF-8' encoding to copy filtered resources.
2022-08-07 11:33:31,622 [Worker-3: Building] INFO  o.e.m.c.i.embedder.EclipseLogger - skip non existing resourceDirectory C:\Users\IBMADMIN\Documents\Training\Module1\APIAutomation\Automation\src\main\resources
2022-08-07 11:33:31,628 [Worker-3: Building] INFO  o.e.m.c.i.embedder.EclipseLogger - Using 'UTF-8' encoding to copy filtered resources.
2022-08-07 11:33:31,628 [Worker-3: Building] INFO  o.e.m.c.i.embedder.EclipseLogger - skip non existing resourceDirectory C:\Users\IBMADMIN\Documents\Training\Module1\APIAutomation\Automation\src\test\resources
2022-08-07 21:30:27,193 [Worker-1: Loading available Gradle versions] INFO  o.e.b.c.i.u.g.PublishedGradleVersions - Gradle version information cache is out-of-date. Trying to update.
2022-08-07 21:30:30,014 [Worker-1: Loading available Gradle versions] ERROR o.e.b.c.i.u.g.PublishedGradleVersions - Cannot write Gradle version information cache file.
java.io.FileNotFoundException: C:\Users\IBMADMIN\.tooling\gradle\versions.json (Access is denied)
	at java.base/java.io.FileOutputStream.open0(Native Method)
	at java.base/java.io.FileOutputStream.open(FileOutputStream.java:293)
	at java.base/java.io.FileOutputStream.<init>(FileOutputStream.java:235)
	at com.google.common.io.Files$FileByteSink.openStream(Files.java:193)
	at com.google.common.io.Files$FileByteSink.openStream(Files.java:181)
	at com.google.common.io.ByteSink$AsCharSink.openStream(ByteSink.java:149)
	at com.google.common.io.CharSource$StringCharSource.copyTo(CharSource.java:648)
	at org.eclipse.buildship.core.internal.util.gradle.PublishedGradleVersions.storeCacheVersionsFile(PublishedGradleVersions.java:184)
	at org.eclipse.buildship.core.internal.util.gradle.PublishedGradleVersions.tryToDownloadAndCacheVersions(PublishedGradleVersions.java:150)
	at org.eclipse.buildship.core.internal.util.gradle.PublishedGradleVersions.tryToUpdateOutdatedVersionsFile(PublishedGradleVersions.java:133)
	at org.eclipse.buildship.core.internal.util.gradle.PublishedGradleVersions.create(PublishedGradleVersions.java:117)
	at org.eclipse.buildship.core.internal.util.gradle.PublishedGradleVersionsWrapper$LoadVersionsJob.run(PublishedGradleVersionsWrapper.java:60)
	at org.eclipse.core.internal.jobs.Worker.run(Worker.java:63)
2022-08-07 21:37:28,632 [Worker-0: Building] INFO  o.e.m.c.i.embedder.EclipseLogger - Using 'UTF-8' encoding to copy filtered resources.
2022-08-07 21:37:28,633 [Worker-0: Building] INFO  o.e.m.c.i.embedder.EclipseLogger - skip non existing resourceDirectory C:\Users\IBMADMIN\Documents\Training\Module1\APIAutomation\Automation\src\main\resources
2022-08-07 21:37:28,637 [Worker-0: Building] INFO  o.e.m.c.i.embedder.EclipseLogger - Using 'UTF-8' encoding to copy filtered resources.
2022-08-07 21:37:28,637 [Worker-0: Building] INFO  o.e.m.c.i.embedder.EclipseLogger - skip non existing resourceDirectory C:\Users\IBMADMIN\Documents\Training\Module1\APIAutomation\Automation\src\test\resources
2022-08-07 21:37:44,625 [Worker-23: Building] INFO  o.e.m.c.i.embedder.EclipseLogger - Using 'UTF-8' encoding to copy filtered resources.
2022-08-07 21:37:44,626 [Worker-23: Building] INFO  o.e.m.c.i.embedder.EclipseLogger - skip non existing resourceDirectory C:\Users\IBMADMIN\Documents\Training\Module1\APIAutomation\Automation\src\main\resources
2022-08-07 21:37:44,629 [Worker-23: Building] INFO  o.e.m.c.i.embedder.EclipseLogger - Using 'UTF-8' encoding to copy filtered resources.
2022-08-07 21:37:44,630 [Worker-23: Building] INFO  o.e.m.c.i.embedder.EclipseLogger - skip non existing resourceDirectory C:\Users\IBMADMIN\Documents\Training\Module1\APIAutomation\Automation\src\test\resources
2022-08-07 21:45:26,224 [Worker-27: Building] INFO  o.e.m.c.i.embedder.EclipseLogger - Using 'UTF-8' encoding to copy filtered resources.
2022-08-07 21:45:26,225 [Worker-27: Building] INFO  o.e.m.c.i.embedder.EclipseLogger - skip non existing resourceDirectory C:\Users\IBMADMIN\Documents\Training\Module1\APIAutomation\Automation\src\main\resources
2022-08-07 21:45:26,227 [Worker-27: Building] INFO  o.e.m.c.i.embedder.EclipseLogger - Using 'UTF-8' encoding to copy filtered resources.
2022-08-07 21:45:26,227 [Worker-27: Building] INFO  o.e.m.c.i.embedder.EclipseLogger - skip non existing resourceDirectory C:\Users\IBMADMIN\Documents\Training\Module1\APIAutomation\Automation\src\test\resources
2022-08-07 21:56:11,921 [Worker-32: Building] INFO  o.e.m.c.i.embedder.EclipseLogger - Using 'UTF-8' encoding to copy filtered resources.
2022-08-07 21:56:11,922 [Worker-32: Building] INFO  o.e.m.c.i.embedder.EclipseLogger - skip non existing resourceDirectory C:\Users\IBMADMIN\Documents\Training\Module1\APIAutomation\Automation\src\main\resources
2022-08-07 21:56:11,925 [Worker-32: Building] INFO  o.e.m.c.i.embedder.EclipseLogger - Using 'UTF-8' encoding to copy filtered resources.
2022-08-07 21:56:11,926 [Worker-32: Building] INFO  o.e.m.c.i.embedder.EclipseLogger - skip non existing resourceDirectory C:\Users\IBMADMIN\Documents\Training\Module1\APIAutomation\Automation\src\test\resources
2022-08-07 21:58:34,089 [Worker-33: Building] INFO  o.e.m.c.i.embedder.EclipseLogger - Using 'UTF-8' encoding to copy filtered resources.
2022-08-07 21:58:34,090 [Worker-33: Building] INFO  o.e.m.c.i.embedder.EclipseLogger - skip non existing resourceDirectory C:\Users\IBMADMIN\Documents\Training\Module1\APIAutomation\Automation\src\main\resources
2022-08-07 21:58:34,092 [Worker-33: Building] INFO  o.e.m.c.i.embedder.EclipseLogger - Using 'UTF-8' encoding to copy filtered resources.
2022-08-07 21:58:34,093 [Worker-33: Building] INFO  o.e.m.c.i.embedder.EclipseLogger - skip non existing resourceDirectory C:\Users\IBMADMIN\Documents\Training\Module1\APIAutomation\Automation\src\test\resources
2022-08-07 22:45:34,473 [Worker-41: Launching PetStore1Practice] INFO  o.e.m.c.i.embedder.EclipseLogger - Using 'UTF-8' encoding to copy filtered resources.
2022-08-07 22:45:34,474 [Worker-41: Launching PetStore1Practice] INFO  o.e.m.c.i.embedder.EclipseLogger - skip non existing resourceDirectory C:\Users\IBMADMIN\Documents\Training\Module1\APIAutomation\Automation\src\main\resources
2022-08-07 22:45:34,478 [Worker-41: Launching PetStore1Practice] INFO  o.e.m.c.i.embedder.EclipseLogger - Using 'UTF-8' encoding to copy filtered resources.
2022-08-07 22:45:34,478 [Worker-41: Launching PetStore1Practice] INFO  o.e.m.c.i.embedder.EclipseLogger - skip non existing resourceDirectory C:\Users\IBMADMIN\Documents\Training\Module1\APIAutomation\Automation\src\test\resources
2022-08-07 22:49:39,967 [Worker-49: Building] INFO  o.e.m.c.i.embedder.EclipseLogger - Using 'UTF-8' encoding to copy filtered resources.
2022-08-07 22:49:39,968 [Worker-49: Building] INFO  o.e.m.c.i.embedder.EclipseLogger - skip non existing resourceDirectory C:\Users\IBMADMIN\Documents\Training\Module1\APIAutomation\Automation\src\main\resources
2022-08-07 22:49:39,970 [Worker-49: Building] INFO  o.e.m.c.i.embedder.EclipseLogger - Using 'UTF-8' encoding to copy filtered resources.
2022-08-07 22:49:39,971 [Worker-49: Building] INFO  o.e.m.c.i.embedder.EclipseLogger - skip non existing resourceDirectory C:\Users\IBMADMIN\Documents\Training\Module1\APIAutomation\Automation\src\test\resources
2022-08-07 22:49:58,758 [Worker-44: Building] INFO  o.e.m.c.i.embedder.EclipseLogger - Using 'UTF-8' encoding to copy filtered resources.
2022-08-07 22:49:58,759 [Worker-44: Building] INFO  o.e.m.c.i.embedder.EclipseLogger - skip non existing resourceDirectory C:\Users\IBMADMIN\Documents\Training\Module1\APIAutomation\Automation\src\main\resources
2022-08-07 22:49:58,762 [Worker-44: Building] INFO  o.e.m.c.i.embedder.EclipseLogger - Using 'UTF-8' encoding to copy filtered resources.
2022-08-07 22:49:58,763 [Worker-44: Building] INFO  o.e.m.c.i.embedder.EclipseLogger - skip non existing resourceDirectory C:\Users\IBMADMIN\Documents\Training\Module1\APIAutomation\Automation\src\test\resources
2022-08-07 23:13:01,094 [Worker-44: Launching petStore1Practice] INFO  o.e.m.c.i.embedder.EclipseLogger - Using 'UTF-8' encoding to copy filtered resources.
2022-08-07 23:13:01,095 [Worker-44: Launching petStore1Practice] INFO  o.e.m.c.i.embedder.EclipseLogger - skip non existing resourceDirectory C:\Users\IBMADMIN\Documents\Training\Module1\APIAutomation\Automation\src\main\resources
2022-08-07 23:13:01,097 [Worker-44: Launching petStore1Practice] INFO  o.e.m.c.i.embedder.EclipseLogger - Using 'UTF-8' encoding to copy filtered resources.
2022-08-07 23:13:01,097 [Worker-44: Launching petStore1Practice] INFO  o.e.m.c.i.embedder.EclipseLogger - skip non existing resourceDirectory C:\Users\IBMADMIN\Documents\Training\Module1\APIAutomation\Automation\src\test\resources
2022-08-07 23:13:50,739 [Worker-54: Launching petStore1Practice] INFO  o.e.m.c.i.embedder.EclipseLogger - Using 'UTF-8' encoding to copy filtered resources.
2022-08-07 23:13:50,740 [Worker-54: Launching petStore1Practice] INFO  o.e.m.c.i.embedder.EclipseLogger - skip non existing resourceDirectory C:\Users\IBMADMIN\Documents\Training\Module1\APIAutomation\Automation\src\main\resources
2022-08-07 23:13:50,741 [Worker-54: Launching petStore1Practice] INFO  o.e.m.c.i.embedder.EclipseLogger - Using 'UTF-8' encoding to copy filtered resources.
2022-08-07 23:13:50,741 [Worker-54: Launching petStore1Practice] INFO  o.e.m.c.i.embedder.EclipseLogger - skip non existing resourceDirectory C:\Users\IBMADMIN\Documents\Training\Module1\APIAutomation\Automation\src\test\resources
2022-08-07 23:15:01,451 [Worker-49: Launching petStore1Practice] INFO  o.e.m.c.i.embedder.EclipseLogger - Using 'UTF-8' encoding to copy filtered resources.
2022-08-07 23:15:01,451 [Worker-49: Launching petStore1Practice] INFO  o.e.m.c.i.embedder.EclipseLogger - skip non existing resourceDirectory C:\Users\IBMADMIN\Documents\Training\Module1\APIAutomation\Automation\src\main\resources
2022-08-07 23:15:01,453 [Worker-49: Launching petStore1Practice] INFO  o.e.m.c.i.embedder.EclipseLogger - Using 'UTF-8' encoding to copy filtered resources.
2022-08-07 23:15:01,454 [Worker-49: Launching petStore1Practice] INFO  o.e.m.c.i.embedder.EclipseLogger - skip non existing resourceDirectory C:\Users\IBMADMIN\Documents\Training\Module1\APIAutomation\Automation\src\test\resources
2022-08-07 23:16:06,025 [Worker-53: Launching petStore1Practice] INFO  o.e.m.c.i.embedder.EclipseLogger - Using 'UTF-8' encoding to copy filtered resources.
2022-08-07 23:16:06,026 [Worker-53: Launching petStore1Practice] INFO  o.e.m.c.i.embedder.EclipseLogger - skip non existing resourceDirectory C:\Users\IBMADMIN\Documents\Training\Module1\APIAutomation\Automation\src\main\resources
2022-08-07 23:16:06,028 [Worker-53: Launching petStore1Practice] INFO  o.e.m.c.i.embedder.EclipseLogger - Using 'UTF-8' encoding to copy filtered resources.
2022-08-07 23:16:06,029 [Worker-53: Launching petStore1Practice] INFO  o.e.m.c.i.embedder.EclipseLogger - skip non existing resourceDirectory C:\Users\IBMADMIN\Documents\Training\Module1\APIAutomation\Automation\src\test\resources
2022-08-07 23:16:41,974 [Worker-44: Building] INFO  o.e.m.c.i.embedder.EclipseLogger - Using 'UTF-8' encoding to copy filtered resources.
2022-08-07 23:16:41,974 [Worker-44: Building] INFO  o.e.m.c.i.embedder.EclipseLogger - skip non existing resourceDirectory C:\Users\IBMADMIN\Documents\Training\Module1\APIAutomation\Automation\src\main\resources
2022-08-07 23:16:41,976 [Worker-44: Building] INFO  o.e.m.c.i.embedder.EclipseLogger - Using 'UTF-8' encoding to copy filtered resources.
2022-08-07 23:16:41,977 [Worker-44: Building] INFO  o.e.m.c.i.embedder.EclipseLogger - skip non existing resourceDirectory C:\Users\IBMADMIN\Documents\Training\Module1\APIAutomation\Automation\src\test\resources
2022-08-07 23:19:10,010 [Worker-59: Building] INFO  o.e.m.c.i.embedder.EclipseLogger - Using 'UTF-8' encoding to copy filtered resources.
2022-08-07 23:19:10,011 [Worker-59: Building] INFO  o.e.m.c.i.embedder.EclipseLogger - skip non existing resourceDirectory C:\Users\IBMADMIN\Documents\Training\Module1\APIAutomation\Automation\src\main\resources
2022-08-07 23:19:10,012 [Worker-59: Building] INFO  o.e.m.c.i.embedder.EclipseLogger - Using 'UTF-8' encoding to copy filtered resources.
2022-08-07 23:19:10,012 [Worker-59: Building] INFO  o.e.m.c.i.embedder.EclipseLogger - skip non existing resourceDirectory C:\Users\IBMADMIN\Documents\Training\Module1\APIAutomation\Automation\src\test\resources
2022-08-07 23:29:24,526 [Worker-60: Launching TestCase1Practice] INFO  o.e.m.c.i.embedder.EclipseLogger - Using 'UTF-8' encoding to copy filtered resources.
2022-08-07 23:29:24,527 [Worker-60: Launching TestCase1Practice] INFO  o.e.m.c.i.embedder.EclipseLogger - skip non existing resourceDirectory C:\Users\IBMADMIN\Documents\Training\Module1\APIAutomation\Automation\src\main\resources
2022-08-07 23:29:24,528 [Worker-60: Launching TestCase1Practice] INFO  o.e.m.c.i.embedder.EclipseLogger - Using 'UTF-8' encoding to copy filtered resources.
2022-08-07 23:29:24,529 [Worker-60: Launching TestCase1Practice] INFO  o.e.m.c.i.embedder.EclipseLogger - skip non existing resourceDirectory C:\Users\IBMADMIN\Documents\Training\Module1\APIAutomation\Automation\src\test\resources
2022-08-07 23:32:36,054 [Worker-63: Launching TestCase1Practice] INFO  o.e.m.c.i.embedder.EclipseLogger - Using 'UTF-8' encoding to copy filtered resources.
2022-08-07 23:32:36,055 [Worker-63: Launching TestCase1Practice] INFO  o.e.m.c.i.embedder.EclipseLogger - skip non existing resourceDirectory C:\Users\IBMADMIN\Documents\Training\Module1\APIAutomation\Automation\src\main\resources
2022-08-07 23:32:36,058 [Worker-63: Launching TestCase1Practice] INFO  o.e.m.c.i.embedder.EclipseLogger - Using 'UTF-8' encoding to copy filtered resources.
2022-08-07 23:32:36,058 [Worker-63: Launching TestCase1Practice] INFO  o.e.m.c.i.embedder.EclipseLogger - skip non existing resourceDirectory C:\Users\IBMADMIN\Documents\Training\Module1\APIAutomation\Automation\src\test\resources
2022-08-07 23:33:00,653 [Worker-59: Launching TestCase1Practice] INFO  o.e.m.c.i.embedder.EclipseLogger - Using 'UTF-8' encoding to copy filtered resources.
2022-08-07 23:33:00,653 [Worker-59: Launching TestCase1Practice] INFO  o.e.m.c.i.embedder.EclipseLogger - skip non existing resourceDirectory C:\Users\IBMADMIN\Documents\Training\Module1\APIAutomation\Automation\src\main\resources
2022-08-07 23:33:00,655 [Worker-59: Launching TestCase1Practice] INFO  o.e.m.c.i.embedder.EclipseLogger - Using 'UTF-8' encoding to copy filtered resources.
2022-08-07 23:33:00,655 [Worker-59: Launching TestCase1Practice] INFO  o.e.m.c.i.embedder.EclipseLogger - skip non existing resourceDirectory C:\Users\IBMADMIN\Documents\Training\Module1\APIAutomation\Automation\src\test\resources
2022-08-08 11:38:13,853 [Worker-1: Loading available Gradle versions] INFO  o.e.b.c.i.u.g.PublishedGradleVersions - Gradle version information cache is out-of-date. Trying to update.
2022-08-08 11:38:24,870 [Worker-1: Loading available Gradle versions] INFO  o.e.b.c.i.u.g.PublishedGradleVersions - Updating Gradle version information cache failed. Using outdated cache.
2022-08-08 15:03:44,981 [Worker-40: Building] INFO  o.e.m.c.i.embedder.EclipseLogger - Using 'UTF-8' encoding to copy filtered resources.
2022-08-08 15:03:44,982 [Worker-40: Building] INFO  o.e.m.c.i.embedder.EclipseLogger - skip non existing resourceDirectory C:\Users\IBMADMIN\Documents\Training\Module1\APIAutomation\Automation\src\main\resources
2022-08-08 15:03:44,985 [Worker-40: Building] INFO  o.e.m.c.i.embedder.EclipseLogger - Using 'UTF-8' encoding to copy filtered resources.
2022-08-08 15:03:44,985 [Worker-40: Building] INFO  o.e.m.c.i.embedder.EclipseLogger - skip non existing resourceDirectory C:\Users\IBMADMIN\Documents\Training\Module1\APIAutomation\Automation\src\test\resources
2022-08-08 15:12:36,065 [Worker-43: Building] INFO  o.e.m.c.i.embedder.EclipseLogger - Using 'UTF-8' encoding to copy filtered resources.
2022-08-08 15:12:36,066 [Worker-43: Building] INFO  o.e.m.c.i.embedder.EclipseLogger - skip non existing resourceDirectory C:\Users\IBMADMIN\Documents\Training\Module1\APIAutomation\Automation\src\main\resources
2022-08-08 15:12:36,068 [Worker-43: Building] INFO  o.e.m.c.i.embedder.EclipseLogger - Using 'UTF-8' encoding to copy filtered resources.
2022-08-08 15:12:36,069 [Worker-43: Building] INFO  o.e.m.c.i.embedder.EclipseLogger - skip non existing resourceDirectory C:\Users\IBMADMIN\Documents\Training\Module1\APIAutomation\Automation\src\test\resources
2022-08-08 15:41:59,784 [Worker-53: Building] INFO  o.e.m.c.i.embedder.EclipseLogger - Using 'UTF-8' encoding to copy filtered resources.
2022-08-08 15:41:59,785 [Worker-53: Building] INFO  o.e.m.c.i.embedder.EclipseLogger - skip non existing resourceDirectory C:\Users\IBMADMIN\Documents\Training\Module1\APIAutomation\Automation\src\main\resources
2022-08-08 15:41:59,790 [Worker-53: Building] INFO  o.e.m.c.i.embedder.EclipseLogger - Using 'UTF-8' encoding to copy filtered resources.
2022-08-08 15:41:59,790 [Worker-53: Building] INFO  o.e.m.c.i.embedder.EclipseLogger - skip non existing resourceDirectory C:\Users\IBMADMIN\Documents\Training\Module1\APIAutomation\Automation\src\test\resources
2022-08-08 15:43:43,109 [Worker-61: Building] INFO  o.e.m.c.i.embedder.EclipseLogger - Using 'UTF-8' encoding to copy filtered resources.
2022-08-08 15:43:43,110 [Worker-61: Building] INFO  o.e.m.c.i.embedder.EclipseLogger - skip non existing resourceDirectory C:\Users\IBMADMIN\Documents\Training\Module1\APIAutomation\Automation\src\main\resources
2022-08-08 15:43:43,112 [Worker-61: Building] INFO  o.e.m.c.i.embedder.EclipseLogger - Using 'UTF-8' encoding to copy filtered resources.
2022-08-08 15:43:43,113 [Worker-61: Building] INFO  o.e.m.c.i.embedder.EclipseLogger - skip non existing resourceDirectory C:\Users\IBMADMIN\Documents\Training\Module1\APIAutomation\Automation\src\test\resources
2022-08-08 16:07:04,142 [Worker-69: Building] INFO  o.e.m.c.i.embedder.EclipseLogger - Using 'UTF-8' encoding to copy filtered resources.
2022-08-08 16:07:04,143 [Worker-69: Building] INFO  o.e.m.c.i.embedder.EclipseLogger - skip non existing resourceDirectory C:\Users\IBMADMIN\Documents\Training\Module1\APIAutomation\Automation\src\main\resources
2022-08-08 16:07:04,146 [Worker-69: Building] INFO  o.e.m.c.i.embedder.EclipseLogger - Using 'UTF-8' encoding to copy filtered resources.
2022-08-08 16:07:04,146 [Worker-69: Building] INFO  o.e.m.c.i.embedder.EclipseLogger - skip non existing resourceDirectory C:\Users\IBMADMIN\Documents\Training\Module1\APIAutomation\Automation\src\test\resources
2022-08-08 20:18:43,310 [Worker-75: Building] INFO  o.e.m.c.i.embedder.EclipseLogger - Using 'UTF-8' encoding to copy filtered resources.
2022-08-08 20:18:43,311 [Worker-75: Building] INFO  o.e.m.c.i.embedder.EclipseLogger - skip non existing resourceDirectory C:\Users\IBMADMIN\Documents\Training\Module1\APIAutomation\Automation\src\main\resources
2022-08-08 20:18:43,312 [Worker-75: Building] INFO  o.e.m.c.i.embedder.EclipseLogger - Using 'UTF-8' encoding to copy filtered resources.
2022-08-08 20:18:43,312 [Worker-75: Building] INFO  o.e.m.c.i.embedder.EclipseLogger - skip non existing resourceDirectory C:\Users\IBMADMIN\Documents\Training\Module1\APIAutomation\Automation\src\test\resources
2022-08-08 21:21:40,466 [Worker-84: Launching ReadTxtFile] INFO  o.e.m.c.i.embedder.EclipseLogger - Using 'UTF-8' encoding to copy filtered resources.
2022-08-08 21:21:40,466 [Worker-84: Launching ReadTxtFile] INFO  o.e.m.c.i.embedder.EclipseLogger - skip non existing resourceDirectory C:\Users\IBMADMIN\Documents\Training\Module1\APIAutomation\Automation\src\main\resources
2022-08-08 21:21:40,468 [Worker-84: Launching ReadTxtFile] INFO  o.e.m.c.i.embedder.EclipseLogger - Using 'UTF-8' encoding to copy filtered resources.
2022-08-08 21:21:40,468 [Worker-84: Launching ReadTxtFile] INFO  o.e.m.c.i.embedder.EclipseLogger - skip non existing resourceDirectory C:\Users\IBMADMIN\Documents\Training\Module1\APIAutomation\Automation\src\test\resources
2022-08-08 21:22:24,485 [Worker-75: Launching ReadTxtFile] INFO  o.e.m.c.i.embedder.EclipseLogger - Using 'UTF-8' encoding to copy filtered resources.
2022-08-08 21:22:24,485 [Worker-75: Launching ReadTxtFile] INFO  o.e.m.c.i.embedder.EclipseLogger - skip non existing resourceDirectory C:\Users\IBMADMIN\Documents\Training\Module1\APIAutomation\Automation\src\main\resources
2022-08-08 21:22:24,487 [Worker-75: Launching ReadTxtFile] INFO  o.e.m.c.i.embedder.EclipseLogger - Using 'UTF-8' encoding to copy filtered resources.
2022-08-08 21:22:24,487 [Worker-75: Launching ReadTxtFile] INFO  o.e.m.c.i.embedder.EclipseLogger - skip non existing resourceDirectory C:\Users\IBMADMIN\Documents\Training\Module1\APIAutomation\Automation\src\test\resources
2022-08-08 21:24:05,557 [Worker-85: Launching ReadTxtFile] INFO  o.e.m.c.i.embedder.EclipseLogger - Using 'UTF-8' encoding to copy filtered resources.
2022-08-08 21:24:05,558 [Worker-85: Launching ReadTxtFile] INFO  o.e.m.c.i.embedder.EclipseLogger - skip non existing resourceDirectory C:\Users\IBMADMIN\Documents\Training\Module1\APIAutomation\Automation\src\main\resources
2022-08-08 21:24:05,560 [Worker-85: Launching ReadTxtFile] INFO  o.e.m.c.i.embedder.EclipseLogger - Using 'UTF-8' encoding to copy filtered resources.
2022-08-08 21:24:05,561 [Worker-85: Launching ReadTxtFile] INFO  o.e.m.c.i.embedder.EclipseLogger - skip non existing resourceDirectory C:\Users\IBMADMIN\Documents\Training\Module1\APIAutomation\Automation\src\test\resources
2022-08-08 21:24:55,443 [Worker-84: Launching ReadTxtFile] INFO  o.e.m.c.i.embedder.EclipseLogger - Using 'UTF-8' encoding to copy filtered resources.
2022-08-08 21:24:55,445 [Worker-84: Launching ReadTxtFile] INFO  o.e.m.c.i.embedder.EclipseLogger - skip non existing resourceDirectory C:\Users\IBMADMIN\Documents\Training\Module1\APIAutomation\Automation\src\main\resources
2022-08-08 21:24:55,446 [Worker-84: Launching ReadTxtFile] INFO  o.e.m.c.i.embedder.EclipseLogger - Using 'UTF-8' encoding to copy filtered resources.
2022-08-08 21:24:55,446 [Worker-84: Launching ReadTxtFile] INFO  o.e.m.c.i.embedder.EclipseLogger - skip non existing resourceDirectory C:\Users\IBMADMIN\Documents\Training\Module1\APIAutomation\Automation\src\test\resources
2022-08-08 23:07:12,584 [Worker-90: Building] INFO  o.e.m.c.i.embedder.EclipseLogger - Using 'UTF-8' encoding to copy filtered resources.
2022-08-08 23:07:12,588 [Worker-90: Building] INFO  o.e.m.c.i.embedder.EclipseLogger - skip non existing resourceDirectory C:\Users\IBMADMIN\Documents\Training\Module1\APIAutomation\Automation\src\main\resources
2022-08-08 23:07:12,593 [Worker-90: Building] INFO  o.e.m.c.i.embedder.EclipseLogger - Using 'UTF-8' encoding to copy filtered resources.
2022-08-08 23:07:12,594 [Worker-90: Building] INFO  o.e.m.c.i.embedder.EclipseLogger - skip non existing resourceDirectory C:\Users\IBMADMIN\Documents\Training\Module1\APIAutomation\Automation\src\test\resources
2022-12-07 11:57:48,777 [Worker-1: Loading available Gradle versions] INFO  o.e.b.c.i.u.g.PublishedGradleVersions - Gradle version information cache is out-of-date. Trying to update.
2022-12-07 11:57:49,561 [Worker-1: Loading available Gradle versions] INFO  o.e.b.c.i.u.g.PublishedGradleVersions - Updating Gradle version information cache failed. Using outdated cache.
2022-12-07 12:00:05,538 [Worker-17: Launching ReadTxtFile] INFO  o.e.m.c.i.embedder.EclipseLogger - Using 'UTF-8' encoding to copy filtered resources.
2022-12-07 12:00:05,538 [Worker-17: Launching ReadTxtFile] INFO  o.e.m.c.i.embedder.EclipseLogger - skip non existing resourceDirectory C:\Users\IBMADMIN\Documents\Training\Module1\APIAutomation\Automation\src\main\resources
2022-12-07 12:00:05,540 [Worker-17: Launching ReadTxtFile] INFO  o.e.m.c.i.embedder.EclipseLogger - Using 'UTF-8' encoding to copy filtered resources.
2022-12-07 12:00:05,543 [Worker-17: Launching ReadTxtFile] INFO  o.e.m.c.i.embedder.EclipseLogger - skip non existing resourceDirectory C:\Users\IBMADMIN\Documents\Training\Module1\APIAutomation\Automation\src\test\resources
2022-12-07 12:08:45,991 [Worker-23: Building] INFO  o.e.m.c.i.embedder.EclipseLogger - Using 'UTF-8' encoding to copy filtered resources.
2022-12-07 12:08:46,069 [Worker-23: Building] INFO  o.e.m.c.i.embedder.EclipseLogger - skip non existing resourceDirectory C:\Users\IBMADMIN\Documents\Training\Module1\APIAutomation\Automation\src\main\resources
2022-12-07 12:08:46,070 [Worker-23: Building] INFO  o.e.m.c.i.embedder.EclipseLogger - Using 'UTF-8' encoding to copy filtered resources.
2022-12-07 12:08:46,070 [Worker-23: Building] INFO  o.e.m.c.i.embedder.EclipseLogger - skip non existing resourceDirectory C:\Users\IBMADMIN\Documents\Training\Module1\APIAutomation\Automation\src\test\resources
2022-12-07 12:17:22,424 [Worker-7: Launching TestCase2] INFO  o.e.m.c.i.embedder.EclipseLogger - Using 'UTF-8' encoding to copy filtered resources.
2022-12-07 12:17:22,424 [Worker-7: Launching TestCase2] INFO  o.e.m.c.i.embedder.EclipseLogger - skip non existing resourceDirectory C:\Users\IBMADMIN\Documents\Training\Module1\APIAutomation\Automation\src\main\resources
2022-12-07 12:17:22,427 [Worker-7: Launching TestCase2] INFO  o.e.m.c.i.embedder.EclipseLogger - Using 'UTF-8' encoding to copy filtered resources.
2022-12-07 12:17:22,427 [Worker-7: Launching TestCase2] INFO  o.e.m.c.i.embedder.EclipseLogger - skip non existing resourceDirectory C:\Users\IBMADMIN\Documents\Training\Module1\APIAutomation\Automation\src\test\resources
2022-12-07 12:25:51,987 [Worker-29: Launching TestCase2] INFO  o.e.m.c.i.embedder.EclipseLogger - Using 'UTF-8' encoding to copy filtered resources.
2022-12-07 12:25:51,988 [Worker-29: Launching TestCase2] INFO  o.e.m.c.i.embedder.EclipseLogger - skip non existing resourceDirectory C:\Users\IBMADMIN\Documents\Training\Module1\APIAutomation\Automation\src\main\resources
2022-12-07 12:25:51,990 [Worker-29: Launching TestCase2] INFO  o.e.m.c.i.embedder.EclipseLogger - Using 'UTF-8' encoding to copy filtered resources.
2022-12-07 12:25:51,990 [Worker-29: Launching TestCase2] INFO  o.e.m.c.i.embedder.EclipseLogger - skip non existing resourceDirectory C:\Users\IBMADMIN\Documents\Training\Module1\APIAutomation\Automation\src\test\resources
2022-12-07 12:26:29,434 [Worker-33: Launching TestCase2] INFO  o.e.m.c.i.embedder.EclipseLogger - Using 'UTF-8' encoding to copy filtered resources.
2022-12-07 12:26:29,435 [Worker-33: Launching TestCase2] INFO  o.e.m.c.i.embedder.EclipseLogger - skip non existing resourceDirectory C:\Users\IBMADMIN\Documents\Training\Module1\APIAutomation\Automation\src\main\resources
2022-12-07 12:26:29,438 [Worker-33: Launching TestCase2] INFO  o.e.m.c.i.embedder.EclipseLogger - Using 'UTF-8' encoding to copy filtered resources.
2022-12-07 12:26:29,438 [Worker-33: Launching TestCase2] INFO  o.e.m.c.i.embedder.EclipseLogger - skip non existing resourceDirectory C:\Users\IBMADMIN\Documents\Training\Module1\APIAutomation\Automation\src\test\resources
2022-12-07 12:31:45,113 [Worker-31: Launching TestCase2] INFO  o.e.m.c.i.embedder.EclipseLogger - Using 'UTF-8' encoding to copy filtered resources.
2022-12-07 12:31:45,115 [Worker-31: Launching TestCase2] INFO  o.e.m.c.i.embedder.EclipseLogger - skip non existing resourceDirectory C:\Users\IBMADMIN\Documents\Training\Module1\APIAutomation\Automation\src\main\resources
2022-12-07 12:31:45,117 [Worker-31: Launching TestCase2] INFO  o.e.m.c.i.embedder.EclipseLogger - Using 'UTF-8' encoding to copy filtered resources.
2022-12-07 12:31:45,117 [Worker-31: Launching TestCase2] INFO  o.e.m.c.i.embedder.EclipseLogger - skip non existing resourceDirectory C:\Users\IBMADMIN\Documents\Training\Module1\APIAutomation\Automation\src\test\resources
2022-12-07 16:19:00,610 [Worker-1: Loading available Gradle versions] INFO  o.e.b.c.i.u.g.PublishedGradleVersions - Gradle version information cache is out-of-date. Trying to update.
2022-12-07 16:19:03,355 [Worker-1: Loading available Gradle versions] ERROR o.e.b.c.i.u.g.PublishedGradleVersions - Cannot write Gradle version information cache file.
java.io.FileNotFoundException: C:\Users\IBMADMIN\.tooling\gradle\versions.json (Access is denied)
	at java.base/java.io.FileOutputStream.open0(Native Method)
	at java.base/java.io.FileOutputStream.open(FileOutputStream.java:293)
	at java.base/java.io.FileOutputStream.<init>(FileOutputStream.java:235)
	at com.google.common.io.Files$FileByteSink.openStream(Files.java:193)
	at com.google.common.io.Files$FileByteSink.openStream(Files.java:181)
	at com.google.common.io.ByteSink$AsCharSink.openStream(ByteSink.java:149)
	at com.google.common.io.CharSource$StringCharSource.copyTo(CharSource.java:648)
	at org.eclipse.buildship.core.internal.util.gradle.PublishedGradleVersions.storeCacheVersionsFile(PublishedGradleVersions.java:184)
	at org.eclipse.buildship.core.internal.util.gradle.PublishedGradleVersions.tryToDownloadAndCacheVersions(PublishedGradleVersions.java:150)
	at org.eclipse.buildship.core.internal.util.gradle.PublishedGradleVersions.tryToUpdateOutdatedVersionsFile(PublishedGradleVersions.java:133)
	at org.eclipse.buildship.core.internal.util.gradle.PublishedGradleVersions.create(PublishedGradleVersions.java:117)
	at org.eclipse.buildship.core.internal.util.gradle.PublishedGradleVersionsWrapper$LoadVersionsJob.run(PublishedGradleVersionsWrapper.java:60)
	at org.eclipse.core.internal.jobs.Worker.run(Worker.java:63)
2022-12-07 16:31:45,822 [Worker-1: Building] INFO  o.e.m.c.i.embedder.EclipseLogger - Using 'UTF-8' encoding to copy filtered resources.
2022-12-07 16:31:45,823 [Worker-1: Building] INFO  o.e.m.c.i.embedder.EclipseLogger - skip non existing resourceDirectory C:\Users\IBMADMIN\Documents\Training\Module1\APIAutomation\Automation\src\main\resources
2022-12-07 16:31:45,828 [Worker-1: Building] INFO  o.e.m.c.i.embedder.EclipseLogger - Using 'UTF-8' encoding to copy filtered resources.
2022-12-07 16:31:45,828 [Worker-1: Building] INFO  o.e.m.c.i.embedder.EclipseLogger - skip non existing resourceDirectory C:\Users\IBMADMIN\Documents\Training\Module1\APIAutomation\Automation\src\test\resources
2022-12-07 16:31:56,400 [Worker-21: Building] INFO  o.e.m.c.i.embedder.EclipseLogger - Using 'UTF-8' encoding to copy filtered resources.
2022-12-07 16:31:56,402 [Worker-21: Building] INFO  o.e.m.c.i.embedder.EclipseLogger - skip non existing resourceDirectory C:\Users\IBMADMIN\Documents\Training\Module1\APIAutomation\Automation\src\main\resources
2022-12-07 16:31:56,405 [Worker-21: Building] INFO  o.e.m.c.i.embedder.EclipseLogger - Using 'UTF-8' encoding to copy filtered resources.
2022-12-07 16:31:56,405 [Worker-21: Building] INFO  o.e.m.c.i.embedder.EclipseLogger - skip non existing resourceDirectory C:\Users\IBMADMIN\Documents\Training\Module1\APIAutomation\Automation\src\test\resources
2022-12-07 16:32:14,820 [Worker-22: Building] INFO  o.e.m.c.i.embedder.EclipseLogger - Using 'UTF-8' encoding to copy filtered resources.
2022-12-07 16:32:14,821 [Worker-22: Building] INFO  o.e.m.c.i.embedder.EclipseLogger - skip non existing resourceDirectory C:\Users\IBMADMIN\Documents\Training\Module1\APIAutomation\Automation\src\main\resources
2022-12-07 16:32:14,825 [Worker-22: Building] INFO  o.e.m.c.i.embedder.EclipseLogger - Using 'UTF-8' encoding to copy filtered resources.
2022-12-07 16:32:14,825 [Worker-22: Building] INFO  o.e.m.c.i.embedder.EclipseLogger - skip non existing resourceDirectory C:\Users\IBMADMIN\Documents\Training\Module1\APIAutomation\Automation\src\test\resources
2022-12-07 16:41:49,208 [Worker-1: Building] INFO  o.e.m.c.i.embedder.EclipseLogger - Using 'UTF-8' encoding to copy filtered resources.
2022-12-07 16:41:49,209 [Worker-1: Building] INFO  o.e.m.c.i.embedder.EclipseLogger - skip non existing resourceDirectory C:\Users\IBMADMIN\Documents\Training\Module1\APIAutomation\Automation\src\main\resources
2022-12-07 16:41:49,211 [Worker-1: Building] INFO  o.e.m.c.i.embedder.EclipseLogger - Using 'UTF-8' encoding to copy filtered resources.
2022-12-07 16:41:49,212 [Worker-1: Building] INFO  o.e.m.c.i.embedder.EclipseLogger - skip non existing resourceDirectory C:\Users\IBMADMIN\Documents\Training\Module1\APIAutomation\Automation\src\test\resources
2022-12-07 16:42:15,910 [Worker-0: Building] INFO  o.e.m.c.i.embedder.EclipseLogger - Using 'UTF-8' encoding to copy filtered resources.
2022-12-07 16:42:15,911 [Worker-0: Building] INFO  o.e.m.c.i.embedder.EclipseLogger - skip non existing resourceDirectory C:\Users\IBMADMIN\Documents\Training\Module1\APIAutomation\Automation\src\main\resources
2022-12-07 16:42:15,913 [Worker-0: Building] INFO  o.e.m.c.i.embedder.EclipseLogger - Using 'UTF-8' encoding to copy filtered resources.
2022-12-07 16:42:15,913 [Worker-0: Building] INFO  o.e.m.c.i.embedder.EclipseLogger - skip non existing resourceDirectory C:\Users\IBMADMIN\Documents\Training\Module1\APIAutomation\Automation\src\test\resources
2022-12-07 16:58:00,444 [Worker-23: Building] INFO  o.e.m.c.i.embedder.EclipseLogger - Using 'UTF-8' encoding to copy filtered resources.
2022-12-07 16:58:00,446 [Worker-23: Building] INFO  o.e.m.c.i.embedder.EclipseLogger - skip non existing resourceDirectory C:\Users\IBMADMIN\Documents\Training\Module1\APIAutomation\Automation\src\main\resources
2022-12-07 16:58:00,448 [Worker-23: Building] INFO  o.e.m.c.i.embedder.EclipseLogger - Using 'UTF-8' encoding to copy filtered resources.
2022-12-07 16:58:00,448 [Worker-23: Building] INFO  o.e.m.c.i.embedder.EclipseLogger - skip non existing resourceDirectory C:\Users\IBMADMIN\Documents\Training\Module1\APIAutomation\Automation\src\test\resources
2022-12-07 17:00:55,422 [Worker-0: Launching GmailSignUp] INFO  o.e.m.c.i.embedder.EclipseLogger - Using 'UTF-8' encoding to copy filtered resources.
2022-12-07 17:00:55,424 [Worker-0: Launching GmailSignUp] INFO  o.e.m.c.i.embedder.EclipseLogger - skip non existing resourceDirectory C:\Users\IBMADMIN\Documents\Training\Module1\APIAutomation\Automation\src\main\resources
2022-12-07 17:00:55,427 [Worker-0: Launching GmailSignUp] INFO  o.e.m.c.i.embedder.EclipseLogger - Using 'UTF-8' encoding to copy filtered resources.
2022-12-07 17:00:55,427 [Worker-0: Launching GmailSignUp] INFO  o.e.m.c.i.embedder.EclipseLogger - skip non existing resourceDirectory C:\Users\IBMADMIN\Documents\Training\Module1\APIAutomation\Automation\src\test\resources
2022-12-07 17:09:53,936 [Worker-26: Launching GmailSignUp] INFO  o.e.m.c.i.embedder.EclipseLogger - Using 'UTF-8' encoding to copy filtered resources.
2022-12-07 17:09:53,936 [Worker-26: Launching GmailSignUp] INFO  o.e.m.c.i.embedder.EclipseLogger - skip non existing resourceDirectory C:\Users\IBMADMIN\Documents\Training\Module1\APIAutomation\Automation\src\main\resources
2022-12-07 17:09:53,940 [Worker-26: Launching GmailSignUp] INFO  o.e.m.c.i.embedder.EclipseLogger - Using 'UTF-8' encoding to copy filtered resources.
2022-12-07 17:09:53,941 [Worker-26: Launching GmailSignUp] INFO  o.e.m.c.i.embedder.EclipseLogger - skip non existing resourceDirectory C:\Users\IBMADMIN\Documents\Training\Module1\APIAutomation\Automation\src\test\resources
2022-12-07 17:13:20,296 [Worker-30: Launching GmailSignUp] INFO  o.e.m.c.i.embedder.EclipseLogger - Using 'UTF-8' encoding to copy filtered resources.
2022-12-07 17:13:20,297 [Worker-30: Launching GmailSignUp] INFO  o.e.m.c.i.embedder.EclipseLogger - skip non existing resourceDirectory C:\Users\IBMADMIN\Documents\Training\Module1\APIAutomation\Automation\src\main\resources
2022-12-07 17:13:20,298 [Worker-30: Launching GmailSignUp] INFO  o.e.m.c.i.embedder.EclipseLogger - Using 'UTF-8' encoding to copy filtered resources.
2022-12-07 17:13:20,299 [Worker-30: Launching GmailSignUp] INFO  o.e.m.c.i.embedder.EclipseLogger - skip non existing resourceDirectory C:\Users\IBMADMIN\Documents\Training\Module1\APIAutomation\Automation\src\test\resources
2022-12-07 17:33:26,692 [Worker-35: Building] INFO  o.e.m.c.i.embedder.EclipseLogger - Using 'UTF-8' encoding to copy filtered resources.
2022-12-07 17:33:26,693 [Worker-35: Building] INFO  o.e.m.c.i.embedder.EclipseLogger - skip non existing resourceDirectory C:\Users\IBMADMIN\Documents\Training\Module1\APIAutomation\Automation\src\main\resources
2022-12-07 17:33:26,695 [Worker-35: Building] INFO  o.e.m.c.i.embedder.EclipseLogger - Using 'UTF-8' encoding to copy filtered resources.
2022-12-07 17:33:26,695 [Worker-35: Building] INFO  o.e.m.c.i.embedder.EclipseLogger - skip non existing resourceDirectory C:\Users\IBMADMIN\Documents\Training\Module1\APIAutomation\Automation\src\test\resources
2022-12-07 21:25:44,476 [Worker-35: Building] INFO  o.e.m.c.i.embedder.EclipseLogger - Using 'UTF-8' encoding to copy filtered resources.
2022-12-07 21:25:44,484 [Worker-35: Building] INFO  o.e.m.c.i.embedder.EclipseLogger - skip non existing resourceDirectory C:\Users\IBMADMIN\Documents\Training\Module1\APIAutomation\Automation\src\main\resources
2022-12-07 21:25:44,488 [Worker-35: Building] INFO  o.e.m.c.i.embedder.EclipseLogger - Using 'UTF-8' encoding to copy filtered resources.
2022-12-07 21:25:44,488 [Worker-35: Building] INFO  o.e.m.c.i.embedder.EclipseLogger - skip non existing resourceDirectory C:\Users\IBMADMIN\Documents\Training\Module1\APIAutomation\Automation\src\test\resources
2022-12-07 21:53:02,934 [Worker-35: Launching DuplicateWords] INFO  o.e.m.c.i.embedder.EclipseLogger - Using 'UTF-8' encoding to copy filtered resources.
2022-12-07 21:53:02,935 [Worker-35: Launching DuplicateWords] INFO  o.e.m.c.i.embedder.EclipseLogger - skip non existing resourceDirectory C:\Users\IBMADMIN\Documents\Training\Module1\APIAutomation\Automation\src\main\resources
2022-12-07 21:53:02,937 [Worker-35: Launching DuplicateWords] INFO  o.e.m.c.i.embedder.EclipseLogger - Using 'UTF-8' encoding to copy filtered resources.
2022-12-07 21:53:02,938 [Worker-35: Launching DuplicateWords] INFO  o.e.m.c.i.embedder.EclipseLogger - skip non existing resourceDirectory C:\Users\IBMADMIN\Documents\Training\Module1\APIAutomation\Automation\src\test\resources
2022-12-07 21:53:29,732 [Worker-40: Launching DuplicateWords] INFO  o.e.m.c.i.embedder.EclipseLogger - Using 'UTF-8' encoding to copy filtered resources.
2022-12-07 21:53:29,733 [Worker-40: Launching DuplicateWords] INFO  o.e.m.c.i.embedder.EclipseLogger - skip non existing resourceDirectory C:\Users\IBMADMIN\Documents\Training\Module1\APIAutomation\Automation\src\main\resources
2022-12-07 21:53:29,735 [Worker-40: Launching DuplicateWords] INFO  o.e.m.c.i.embedder.EclipseLogger - Using 'UTF-8' encoding to copy filtered resources.
2022-12-07 21:53:29,735 [Worker-40: Launching DuplicateWords] INFO  o.e.m.c.i.embedder.EclipseLogger - skip non existing resourceDirectory C:\Users\IBMADMIN\Documents\Training\Module1\APIAutomation\Automation\src\test\resources
2022-12-07 22:12:13,232 [Worker-40: Launching DuplicateWords] INFO  o.e.m.c.i.embedder.EclipseLogger - Using 'UTF-8' encoding to copy filtered resources.
2022-12-07 22:12:13,232 [Worker-40: Launching DuplicateWords] INFO  o.e.m.c.i.embedder.EclipseLogger - skip non existing resourceDirectory C:\Users\IBMADMIN\Documents\Training\Module1\APIAutomation\Automation\src\main\resources
2022-12-07 22:12:13,233 [Worker-40: Launching DuplicateWords] INFO  o.e.m.c.i.embedder.EclipseLogger - Using 'UTF-8' encoding to copy filtered resources.
2022-12-07 22:12:13,234 [Worker-40: Launching DuplicateWords] INFO  o.e.m.c.i.embedder.EclipseLogger - skip non existing resourceDirectory C:\Users\IBMADMIN\Documents\Training\Module1\APIAutomation\Automation\src\test\resources
2022-12-07 22:14:34,162 [Worker-49: Building] INFO  o.e.m.c.i.embedder.EclipseLogger - Using 'UTF-8' encoding to copy filtered resources.
2022-12-07 22:14:34,163 [Worker-49: Building] INFO  o.e.m.c.i.embedder.EclipseLogger - skip non existing resourceDirectory C:\Users\IBMADMIN\Documents\Training\Module1\APIAutomation\Automation\src\main\resources
2022-12-07 22:14:34,165 [Worker-49: Building] INFO  o.e.m.c.i.embedder.EclipseLogger - Using 'UTF-8' encoding to copy filtered resources.
2022-12-07 22:14:34,165 [Worker-49: Building] INFO  o.e.m.c.i.embedder.EclipseLogger - skip non existing resourceDirectory C:\Users\IBMADMIN\Documents\Training\Module1\APIAutomation\Automation\src\test\resources
2022-12-08 21:57:29,397 [Worker-1: Loading available Gradle versions] INFO  o.e.b.c.i.u.g.PublishedGradleVersions - Gradle version information cache is out-of-date. Trying to update.
2022-12-08 21:57:31,046 [Worker-1: Loading available Gradle versions] ERROR o.e.b.c.i.u.g.PublishedGradleVersions - Cannot write Gradle version information cache file.
java.io.FileNotFoundException: C:\Users\IBMADMIN\.tooling\gradle\versions.json (Access is denied)
	at java.base/java.io.FileOutputStream.open0(Native Method)
	at java.base/java.io.FileOutputStream.open(FileOutputStream.java:293)
	at java.base/java.io.FileOutputStream.<init>(FileOutputStream.java:235)
	at com.google.common.io.Files$FileByteSink.openStream(Files.java:193)
	at com.google.common.io.Files$FileByteSink.openStream(Files.java:181)
	at com.google.common.io.ByteSink$AsCharSink.openStream(ByteSink.java:149)
	at com.google.common.io.CharSource$StringCharSource.copyTo(CharSource.java:648)
	at org.eclipse.buildship.core.internal.util.gradle.PublishedGradleVersions.storeCacheVersionsFile(PublishedGradleVersions.java:184)
	at org.eclipse.buildship.core.internal.util.gradle.PublishedGradleVersions.tryToDownloadAndCacheVersions(PublishedGradleVersions.java:150)
	at org.eclipse.buildship.core.internal.util.gradle.PublishedGradleVersions.tryToUpdateOutdatedVersionsFile(PublishedGradleVersions.java:133)
	at org.eclipse.buildship.core.internal.util.gradle.PublishedGradleVersions.create(PublishedGradleVersions.java:117)
	at org.eclipse.buildship.core.internal.util.gradle.PublishedGradleVersionsWrapper$LoadVersionsJob.run(PublishedGradleVersionsWrapper.java:60)
	at org.eclipse.core.internal.jobs.Worker.run(Worker.java:63)
2022-12-08 21:57:34,655 [Worker-6: Building] INFO  o.e.m.c.i.embedder.EclipseLogger - Using 'UTF-8' encoding to copy filtered resources.
2022-12-08 21:57:34,655 [Worker-6: Building] INFO  o.e.m.c.i.embedder.EclipseLogger - skip non existing resourceDirectory C:\Users\IBMADMIN\Documents\Training\Module1\APIAutomation\Automation\src\main\resources
2022-12-08 21:57:34,658 [Worker-6: Building] INFO  o.e.m.c.i.embedder.EclipseLogger - Using 'UTF-8' encoding to copy filtered resources.
